<?xml version="1.0" encoding="UTF-8"?>
<!-- Generated by org.testng.reporters.JUnitReportReporter -->
<testsuite hostname="DESKTOP-BG83L86" failures="0" tests="5" name="com.biencaps.erp.testCases.SelfTaskDeleteFunctionality" time="30.770" errors="0" timestamp="2024-05-04T14:15:58 IST" skipped="0">
  <testcase classname="com.biencaps.erp.testCases.SelfTaskDeleteFunctionality" name="verifyDeleteLastTaskFromDayView" time="9.389"/>
  <testcase classname="com.biencaps.erp.testCases.SelfTaskDeleteFunctionality" name="verifyLogMessageAfterNewTaskDeleteFromDayView" time="9.120"/>
  <testcase classname="com.biencaps.erp.testCases.SelfTaskDeleteFunctionality" name="verifyTotalTasksCountInDayViewAfterDeletingSingleTask" time="2.260"/>
  <testcase classname="com.biencaps.erp.testCases.SelfTaskDeleteFunctionality" name="verifyMultipleTasksDeleteInDayView" time="7.922"/>
  <testcase classname="com.biencaps.erp.testCases.SelfTaskDeleteFunctionality" name="verifyTotalTasksCountInDayViewAfterDeletingAllTasks" time="2.079"/>
</testsuite> <!-- com.biencaps.erp.testCases.SelfTaskDeleteFunctionality -->
