<?xml version="1.0" encoding="UTF-8"?>
<!-- Generated by org.testng.reporters.JUnitReportReporter -->
<testsuite hostname="DESKTOP-BG83L86" failures="0" tests="7" name="in.biencaps.erp.testCases.LoginAndForgotPasswordTests" time="13.577" errors="0" timestamp="2024-05-16T17:49:58 IST" skipped="1">
  <testcase classname="in.biencaps.erp.testCases.LoginAndForgotPasswordTests" name="verify_Forgot_Password_Without_Giving_UserId" time="1.063"/>
  <testcase classname="in.biencaps.erp.testCases.LoginAndForgotPasswordTests" name="verify_Login_Employee_With_Valid_And_Invalid_Credentails" time="3.066"/>
  <testcase classname="in.biencaps.erp.testCases.LoginAndForgotPasswordTests" name="verify_Login_Employee_With_Valid_And_Invalid_Credentails" time="2.523"/>
  <testcase classname="in.biencaps.erp.testCases.LoginAndForgotPasswordTests" name="verify_Login_Employee_With_Valid_And_Invalid_Credentails" time="3.238"/>
  <testcase classname="in.biencaps.erp.testCases.LoginAndForgotPasswordTests" name="verify_Login_Employee_With_Valid_And_Invalid_Credentails" time="2.904"/>
  <testcase classname="in.biencaps.erp.testCases.LoginAndForgotPasswordTests" name="check_Employee_Name_After_Logged_In" time="0.783"/>
  <testcase classname="in.biencaps.erp.testCases.LoginAndForgotPasswordTests" name="verify_Forgot_Password_By_Giving_Valid_UserId">
    <skipped/>
  </testcase> <!-- verify_Forgot_Password_By_Giving_Valid_UserId -->
</testsuite> <!-- in.biencaps.erp.testCases.LoginAndForgotPasswordTests -->
