<?xml version="1.0" encoding="UTF-8"?>
<!-- Generated by org.testng.reporters.JUnitReportReporter -->
<testsuite hostname="DESKTOP-BG83L86" failures="0" tests="14" name="in.biencaps.erp.testCases.ProfilePageUpdateFunctionality" time="48.274" errors="0" timestamp="2024-05-15T17:17:58 IST" skipped="0">
  <testcase classname="in.biencaps.erp.testCases.ProfilePageUpdateFunctionality" name="verify_Gmail_Key_Submit_At_Employee_Side_Without_Entering_Gmail_Key" time="2.962"/>
  <testcase classname="in.biencaps.erp.testCases.ProfilePageUpdateFunctionality" name="verify_Gmail_Key_Submit_At_Employee_Side_Without_Entering_Password" time="3.061"/>
  <testcase classname="in.biencaps.erp.testCases.ProfilePageUpdateFunctionality" name="verify_Gmail_Key_Submit_At_Employee_Side_With_Valid_And_Invalid_Data" time="3.851"/>
  <testcase classname="in.biencaps.erp.testCases.ProfilePageUpdateFunctionality" name="verify_Gmail_Key_Submit_At_Employee_Side_With_Valid_And_Invalid_Data" time="4.354"/>
  <testcase classname="in.biencaps.erp.testCases.ProfilePageUpdateFunctionality" name="verify_Gmail_Key_Submit_At_Employee_Side_With_Valid_And_Invalid_Data" time="4.170"/>
  <testcase classname="in.biencaps.erp.testCases.ProfilePageUpdateFunctionality" name="verify_Gmail_Key_Submit_At_Employee_Side_With_Valid_And_Invalid_Data" time="3.771"/>
  <testcase classname="in.biencaps.erp.testCases.ProfilePageUpdateFunctionality" name="verify_Gmail_Key_Submit_At_Employee_Side_With_Valid_And_Invalid_Data" time="3.987"/>
  <testcase classname="in.biencaps.erp.testCases.ProfilePageUpdateFunctionality" name="verify_Gmail_Key_Submit_At_Employee_Side_With_Valid_And_Invalid_Data" time="3.786"/>
  <testcase classname="in.biencaps.erp.testCases.ProfilePageUpdateFunctionality" name="verify_Primary_Mobile_Number_Textfield_By_Leaving_Field_Empty" time="1.391"/>
  <testcase classname="in.biencaps.erp.testCases.ProfilePageUpdateFunctionality" name="verify_Profile_Update_From_Employee_Side_With_Valid_And_Invalid_Data" time="1.885"/>
  <testcase classname="in.biencaps.erp.testCases.ProfilePageUpdateFunctionality" name="verify_Profile_Update_From_Employee_Side_With_Valid_And_Invalid_Data" time="2.520"/>
  <testcase classname="in.biencaps.erp.testCases.ProfilePageUpdateFunctionality" name="verify_Profile_Update_From_Employee_Side_With_Valid_And_Invalid_Data" time="1.970"/>
  <testcase classname="in.biencaps.erp.testCases.ProfilePageUpdateFunctionality" name="verify_Profile_Update_From_Employee_Side_With_Valid_And_Invalid_Data" time="1.935"/>
  <testcase classname="in.biencaps.erp.testCases.ProfilePageUpdateFunctionality" name="verify_Profile_Update_By_Entering_Optional_Fields" time="8.631"/>
</testsuite> <!-- in.biencaps.erp.testCases.ProfilePageUpdateFunctionality -->
