<?xml version="1.0" encoding="UTF-8"?>
<!-- Generated by org.testng.reporters.JUnitReportReporter -->
<testsuite hostname="DESKTOP-BG83L86" failures="0" tests="9" name="com.biencaps.erp.testCases.LoginAndForgotPasswordFunctionality" time="0.000" errors="0" timestamp="2024-05-11T11:44:25 IST" skipped="9">
  <testcase classname="com.biencaps.erp.testCases.LoginAndForgotPasswordFunctionality" name="verifyForgotPasswordWithoutGivingUserId" time="0.000">
    <skipped/>
  </testcase> <!-- verifyForgotPasswordWithoutGivingUserId -->
  <testcase classname="com.biencaps.erp.testCases.LoginAndForgotPasswordFunctionality" name="verifyLoginEmployee" time="0.000">
    <skipped/>
  </testcase> <!-- verifyLoginEmployee -->
  <testcase classname="com.biencaps.erp.testCases.LoginAndForgotPasswordFunctionality" name="verifyLoginEmployee" time="0.000">
    <skipped/>
  </testcase> <!-- verifyLoginEmployee -->
  <testcase classname="com.biencaps.erp.testCases.LoginAndForgotPasswordFunctionality" name="verifyLoginEmployee" time="0.000">
    <skipped/>
  </testcase> <!-- verifyLoginEmployee -->
  <testcase classname="com.biencaps.erp.testCases.LoginAndForgotPasswordFunctionality" name="verifyLoginEmployee" time="0.000">
    <skipped/>
  </testcase> <!-- verifyLoginEmployee -->
  <testcase classname="com.biencaps.erp.testCases.LoginAndForgotPasswordFunctionality" name="checkEmployeeNameAfterLoggedIn" time="0.000">
    <skipped/>
  </testcase> <!-- checkEmployeeNameAfterLoggedIn -->
  <testcase classname="com.biencaps.erp.testCases.LoginAndForgotPasswordFunctionality" name="verifyForgotPasswordByGivingValidUserId">
    <skipped/>
  </testcase> <!-- verifyForgotPasswordByGivingValidUserId -->
  <testcase classname="com.biencaps.erp.testCases.LoginAndForgotPasswordFunctionality" name="goToLoginPage">
    <skipped/>
  </testcase> <!-- goToLoginPage -->
  <testcase classname="com.biencaps.erp.testCases.LoginAndForgotPasswordFunctionality" name="getAllEmployeeDetails">
    <skipped/>
  </testcase> <!-- getAllEmployeeDetails -->
</testsuite> <!-- com.biencaps.erp.testCases.LoginAndForgotPasswordFunctionality -->
