<?xml version="1.0" encoding="UTF-8"?>
<!-- Generated by org.testng.reporters.JUnitReportReporter -->
<testsuite hostname="DESKTOP-BG83L86" failures="0" tests="6" name="in.biencaps.erp.testCases.AddUpdateAssignTaskAndCheckAtEmployeeSideFunctionality" time="73.387" errors="0" timestamp="2024-05-15T17:43:19 IST" skipped="0">
  <testcase classname="in.biencaps.erp.testCases.AddUpdateAssignTaskAndCheckAtEmployeeSideFunctionality" name="verify_Assign_Task_From_Level" time="12.912"/>
  <testcase classname="in.biencaps.erp.testCases.AddUpdateAssignTaskAndCheckAtEmployeeSideFunctionality" name="verify_Task_Added_From_Level_View_By_Higher_Authority_In_Employee_Day_View" time="9.233"/>
  <testcase classname="in.biencaps.erp.testCases.AddUpdateAssignTaskAndCheckAtEmployeeSideFunctionality" name="verify_Notification_After_Assigned_Task_From_Higher_Authority_At_Lower_Level_Employee_Side" time="11.131"/>
  <testcase classname="in.biencaps.erp.testCases.AddUpdateAssignTaskAndCheckAtEmployeeSideFunctionality" name="verify_Assigned_Task_Details_In_Day_View_And_Week_View_And_Log_Message" time="20.723"/>
  <testcase classname="in.biencaps.erp.testCases.AddUpdateAssignTaskAndCheckAtEmployeeSideFunctionality" name="verify_Last_Task_Details_In_Day_View" time="5.513"/>
  <testcase classname="in.biencaps.erp.testCases.AddUpdateAssignTaskAndCheckAtEmployeeSideFunctionality" name="verifyAssignTaskTitleUpdateAndCheckRequestInMyRequestCard" time="13.875"/>
</testsuite> <!-- in.biencaps.erp.testCases.AddUpdateAssignTaskAndCheckAtEmployeeSideFunctionality -->
