<?xml version="1.0" encoding="UTF-8"?>
<!-- Generated by org.testng.reporters.JUnitReportReporter -->
<testsuite hostname="DESKTOP-BG83L86" failures="0" tests="2" name="com.biencaps.erp.testCases.ForgotPasswordFunctionality" time="0.000" errors="0" timestamp="2024-04-24T14:07:29 IST" skipped="2">
  <testcase classname="com.biencaps.erp.testCases.ForgotPasswordFunctionality" name="verifyForgotPasswordWithoutGivingUserId" time="0.000">
    <skipped/>
  </testcase> <!-- verifyForgotPasswordWithoutGivingUserId -->
  <testcase classname="com.biencaps.erp.testCases.ForgotPasswordFunctionality" name="verifyForgotPasswordByGivingUserId">
    <skipped/>
  </testcase> <!-- verifyForgotPasswordByGivingUserId -->
</testsuite> <!-- com.biencaps.erp.testCases.ForgotPasswordFunctionality -->
