<?xml version="1.0" encoding="UTF-8"?>
<!-- Generated by org.testng.reporters.JUnitReportReporter -->
<testsuite hostname="DESKTOP-BG83L86" failures="0" tests="9" name="com.biencaps.erp.testCases.LoginAndForgotPasswordFunctionality" time="14.069" errors="0" timestamp="2024-05-08T10:18:20 IST" skipped="3">
  <testcase classname="com.biencaps.erp.testCases.LoginAndForgotPasswordFunctionality" name="verifyLoginEmployeeByGivingValidUserIdAndInvalidPassword" time="2.985"/>
  <testcase classname="com.biencaps.erp.testCases.LoginAndForgotPasswordFunctionality" name="verifyLoginEmployeeByGivingInvalidUserIdAndValidPassword" time="3.096"/>
  <testcase classname="com.biencaps.erp.testCases.LoginAndForgotPasswordFunctionality" name="verifyLoginEmployeeByGivingInvalidUserIdAndInvalidPassword" time="2.839"/>
  <testcase classname="com.biencaps.erp.testCases.LoginAndForgotPasswordFunctionality" name="verifyForgotPasswordWithoutGivingUserId" time="1.402"/>
  <testcase classname="com.biencaps.erp.testCases.LoginAndForgotPasswordFunctionality" name="verifyLoginEmployeeByGivingValidUserIdAndValidPassword" time="3.687"/>
  <testcase classname="com.biencaps.erp.testCases.LoginAndForgotPasswordFunctionality" name="checkEmployeeNameAfterLoggedIn" time="0.060"/>
  <testcase classname="com.biencaps.erp.testCases.LoginAndForgotPasswordFunctionality" name="getAllEmployeeDetails">
    <skipped/>
  </testcase> <!-- getAllEmployeeDetails -->
  <testcase classname="com.biencaps.erp.testCases.LoginAndForgotPasswordFunctionality" name="verifyForgotPasswordByGivingValidUserId">
    <skipped/>
  </testcase> <!-- verifyForgotPasswordByGivingValidUserId -->
  <testcase classname="com.biencaps.erp.testCases.LoginAndForgotPasswordFunctionality" name="goToLoginPage">
    <skipped/>
  </testcase> <!-- goToLoginPage -->
</testsuite> <!-- com.biencaps.erp.testCases.LoginAndForgotPasswordFunctionality -->
