<?xml version="1.0" encoding="UTF-8"?>
<!-- Generated by org.testng.reporters.JUnitReportReporter -->
<testsuite hostname="DESKTOP-BG83L86" failures="0" tests="14" name="in.biencaps.erp.testCases.ProfilePageUpdateTests" time="55.182" errors="0" timestamp="2024-05-16T15:37:42 IST" skipped="0">
  <testcase classname="in.biencaps.erp.testCases.ProfilePageUpdateTests" name="verify_Gmail_Key_Submit_At_Employee_Side_Without_Entering_Gmail_Key" time="3.373"/>
  <testcase classname="in.biencaps.erp.testCases.ProfilePageUpdateTests" name="verify_Gmail_Key_Submit_At_Employee_Side_Without_Entering_Password" time="2.915"/>
  <testcase classname="in.biencaps.erp.testCases.ProfilePageUpdateTests" name="verify_Gmail_Key_Submit_At_Employee_Side_With_Valid_And_Invalid_Data" time="5.603"/>
  <testcase classname="in.biencaps.erp.testCases.ProfilePageUpdateTests" name="verify_Gmail_Key_Submit_At_Employee_Side_With_Valid_And_Invalid_Data" time="4.221"/>
  <testcase classname="in.biencaps.erp.testCases.ProfilePageUpdateTests" name="verify_Gmail_Key_Submit_At_Employee_Side_With_Valid_And_Invalid_Data" time="4.317"/>
  <testcase classname="in.biencaps.erp.testCases.ProfilePageUpdateTests" name="verify_Gmail_Key_Submit_At_Employee_Side_With_Valid_And_Invalid_Data" time="4.604"/>
  <testcase classname="in.biencaps.erp.testCases.ProfilePageUpdateTests" name="verify_Gmail_Key_Submit_At_Employee_Side_With_Valid_And_Invalid_Data" time="4.176"/>
  <testcase classname="in.biencaps.erp.testCases.ProfilePageUpdateTests" name="verify_Gmail_Key_Submit_At_Employee_Side_With_Valid_And_Invalid_Data" time="4.928"/>
  <testcase classname="in.biencaps.erp.testCases.ProfilePageUpdateTests" name="verify_Primary_Mobile_Number_Textfield_By_Leaving_Field_Empty" time="1.579"/>
  <testcase classname="in.biencaps.erp.testCases.ProfilePageUpdateTests" name="verify_Profile_Update_From_Employee_Side_With_Valid_And_Invalid_Data" time="2.495"/>
  <testcase classname="in.biencaps.erp.testCases.ProfilePageUpdateTests" name="verify_Profile_Update_From_Employee_Side_With_Valid_And_Invalid_Data" time="2.410"/>
  <testcase classname="in.biencaps.erp.testCases.ProfilePageUpdateTests" name="verify_Profile_Update_From_Employee_Side_With_Valid_And_Invalid_Data" time="2.961"/>
  <testcase classname="in.biencaps.erp.testCases.ProfilePageUpdateTests" name="verify_Profile_Update_From_Employee_Side_With_Valid_And_Invalid_Data" time="2.530"/>
  <testcase classname="in.biencaps.erp.testCases.ProfilePageUpdateTests" name="verify_Profile_Update_By_Entering_Optional_Fields" time="9.070"/>
</testsuite> <!-- in.biencaps.erp.testCases.ProfilePageUpdateTests -->
