<?xml version="1.0" encoding="UTF-8"?>
<!-- Generated by org.testng.reporters.JUnitReportReporter -->
<testsuite hostname="DESKTOP-BG83L86" failures="0" tests="1" name="com.biencaps.erp.testCases.AddUpdateAssignTaskAndCheckAtEmployeeSideFunctionality" time="16.590" errors="0" timestamp="2024-05-06T17:38:26 IST" skipped="0">
  <testcase classname="com.biencaps.erp.testCases.AddUpdateAssignTaskAndCheckAtEmployeeSideFunctionality" name="verifyAssignTaskFromLevel" time="16.590"/>
</testsuite> <!-- com.biencaps.erp.testCases.AddUpdateAssignTaskAndCheckAtEmployeeSideFunctionality -->
