<?xml version="1.0" encoding="UTF-8"?>
<!-- Generated by org.testng.reporters.JUnitReportReporter -->
<testsuite hostname="DESKTOP-BG83L86" failures="0" tests="7" name="in.biencaps.erp.testCases.LoginAndForgotPasswordTests" time="10.571" errors="0" timestamp="2024-05-17T16:35:49 IST" skipped="1">
  <testcase classname="in.biencaps.erp.testCases.LoginAndForgotPasswordTests" name="verify_Forgot_Password_Without_Giving_UserId" time="0.850"/>
  <testcase classname="in.biencaps.erp.testCases.LoginAndForgotPasswordTests" name="verify_Login_Employee_With_Valid_And_Invalid_Credentails" time="1.793"/>
  <testcase classname="in.biencaps.erp.testCases.LoginAndForgotPasswordTests" name="verify_Login_Employee_With_Valid_And_Invalid_Credentails" time="1.800"/>
  <testcase classname="in.biencaps.erp.testCases.LoginAndForgotPasswordTests" name="verify_Login_Employee_With_Valid_And_Invalid_Credentails" time="2.903"/>
  <testcase classname="in.biencaps.erp.testCases.LoginAndForgotPasswordTests" name="verify_Login_Employee_With_Valid_And_Invalid_Credentails" time="2.959"/>
  <testcase classname="in.biencaps.erp.testCases.LoginAndForgotPasswordTests" name="verify_Employee_Name_After_Logged_In" time="0.266"/>
  <testcase classname="in.biencaps.erp.testCases.LoginAndForgotPasswordTests" name="verify_Forgot_Password_By_Giving_Valid_UserId">
    <skipped/>
  </testcase> <!-- verify_Forgot_Password_By_Giving_Valid_UserId -->
</testsuite> <!-- in.biencaps.erp.testCases.LoginAndForgotPasswordTests -->
