<?xml version="1.0" encoding="UTF-8"?>
<!-- Generated by org.testng.reporters.JUnitReportReporter -->
<testsuite hostname="DESKTOP-BG83L86" failures="0" tests="9" name="com.biencaps.erp.testCases.LoginAndForgotPasswordFunctionality" time="16.823" errors="0" timestamp="2024-05-04T14:15:58 IST" skipped="3">
  <testcase classname="com.biencaps.erp.testCases.LoginAndForgotPasswordFunctionality" name="verifyLoginEmployeeByGivingValidUserIdAndInvalidPassword" time="4.039"/>
  <testcase classname="com.biencaps.erp.testCases.LoginAndForgotPasswordFunctionality" name="verifyLoginEmployeeByGivingInvalidUserIdAndValidPassword" time="3.235"/>
  <testcase classname="com.biencaps.erp.testCases.LoginAndForgotPasswordFunctionality" name="verifyLoginEmployeeByGivingInvalidUserIdAndInvalidPassword" time="2.954"/>
  <testcase classname="com.biencaps.erp.testCases.LoginAndForgotPasswordFunctionality" name="verifyForgotPasswordWithoutGivingUserId" time="1.451"/>
  <testcase classname="com.biencaps.erp.testCases.LoginAndForgotPasswordFunctionality" name="verifyLoginEmployeeByGivingValidUserIdAndValidPassword" time="5.068"/>
  <testcase classname="com.biencaps.erp.testCases.LoginAndForgotPasswordFunctionality" name="checkEmployeeNameAfterLoggedIn" time="0.076"/>
  <testcase classname="com.biencaps.erp.testCases.LoginAndForgotPasswordFunctionality" name="goToLoginPage">
    <skipped/>
  </testcase> <!-- goToLoginPage -->
  <testcase classname="com.biencaps.erp.testCases.LoginAndForgotPasswordFunctionality" name="getAllEmployeeDetails">
    <skipped/>
  </testcase> <!-- getAllEmployeeDetails -->
  <testcase classname="com.biencaps.erp.testCases.LoginAndForgotPasswordFunctionality" name="verifyForgotPasswordByGivingUserId">
    <skipped/>
  </testcase> <!-- verifyForgotPasswordByGivingUserId -->
</testsuite> <!-- com.biencaps.erp.testCases.LoginAndForgotPasswordFunctionality -->
