<?xml version="1.0" encoding="UTF-8"?>
<!-- Generated by org.testng.reporters.JUnitReportReporter -->
<testsuite hostname="DESKTOP-BG83L86" failures="0" tests="9" name="com.biencaps.erp.testCases.ProfilePageUpdateFunctionality" time="29.090" errors="0" timestamp="2024-05-09T10:17:23 IST" skipped="0">
  <testcase classname="com.biencaps.erp.testCases.ProfilePageUpdateFunctionality" name="verifyGmailKeySubmitAtEmployeeSideWithoutEnteringGmailKey" time="2.962"/>
  <testcase classname="com.biencaps.erp.testCases.ProfilePageUpdateFunctionality" name="verifyGmailKeySubmitAtEmployeeSideWithoutEnteringPassword" time="3.065"/>
  <testcase classname="com.biencaps.erp.testCases.ProfilePageUpdateFunctionality" name="verifyGmailKeySubmitAtEmployeeSide" time="3.629"/>
  <testcase classname="com.biencaps.erp.testCases.ProfilePageUpdateFunctionality" name="verifyGmailKeySubmitAtEmployeeSide" time="3.603"/>
  <testcase classname="com.biencaps.erp.testCases.ProfilePageUpdateFunctionality" name="verifyGmailKeySubmitAtEmployeeSide" time="3.561"/>
  <testcase classname="com.biencaps.erp.testCases.ProfilePageUpdateFunctionality" name="verifyGmailKeySubmitAtEmployeeSide" time="3.712"/>
  <testcase classname="com.biencaps.erp.testCases.ProfilePageUpdateFunctionality" name="verifyGmailKeySubmitAtEmployeeSide" time="3.586"/>
  <testcase classname="com.biencaps.erp.testCases.ProfilePageUpdateFunctionality" name="verifyGmailKeySubmitAtEmployeeSide" time="3.597"/>
  <testcase classname="com.biencaps.erp.testCases.ProfilePageUpdateFunctionality" name="verifyPrimaryMobileNumberByLeavingFieldEmpty" time="1.375"/>
</testsuite> <!-- com.biencaps.erp.testCases.ProfilePageUpdateFunctionality -->
