<?xml version="1.0" encoding="UTF-8"?>
<!-- Generated by org.testng.reporters.JUnitReportReporter -->
<testsuite hostname="DESKTOP-BG83L86" failures="0" tests="4" name="in.biencaps.erp.testCases.PasswordChangeFunctionality" time="25.477" errors="0" timestamp="2024-05-14T16:15:18 IST" skipped="0">
  <testcase classname="in.biencaps.erp.testCases.PasswordChangeFunctionality" name="verifyChangeLoginPassword" time="5.732"/>
  <testcase classname="in.biencaps.erp.testCases.PasswordChangeFunctionality" name="verifyChangeLoginPassword" time="7.099"/>
  <testcase classname="in.biencaps.erp.testCases.PasswordChangeFunctionality" name="verifyChangeLoginPassword" time="6.871"/>
  <testcase classname="in.biencaps.erp.testCases.PasswordChangeFunctionality" name="verifyChangeLoginPassword" time="5.775"/>
</testsuite> <!-- in.biencaps.erp.testCases.PasswordChangeFunctionality -->
