<?xml version="1.0" encoding="UTF-8"?>
<!-- Generated by org.testng.reporters.JUnitReportReporter -->
<testsuite hostname="DESKTOP-BG83L86" failures="0" tests="22" name="com.biencaps.erp.testCases.AddSelfTaskAndCheckInDayViewFunctionality" time="185.793" errors="0" timestamp="2024-05-08T10:18:20 IST" skipped="8">
  <testcase classname="com.biencaps.erp.testCases.AddSelfTaskAndCheckInDayViewFunctionality" name="verifyAddTaskFromSidebarWithoutEnteringTaskTitle" time="3.731"/>
  <testcase classname="com.biencaps.erp.testCases.AddSelfTaskAndCheckInDayViewFunctionality" name="verifyTotalTasksCountBeforeAddNewTask" time="2.137"/>
  <testcase classname="com.biencaps.erp.testCases.AddSelfTaskAndCheckInDayViewFunctionality" name="verifyAddTaskFromMonthViewAtParticularDate" time="7.599"/>
  <testcase classname="com.biencaps.erp.testCases.AddSelfTaskAndCheckInDayViewFunctionality" name="verifyAddedTaskFromMonthViewAtParticularDateCheckInDayView" time="5.045"/>
  <testcase classname="com.biencaps.erp.testCases.AddSelfTaskAndCheckInDayViewFunctionality" name="verifyTotalTasksCountAndLogMessagesInDayViewAfterNewTaskAddFromMonthViewAtParticularDate" time="9.195"/>
  <testcase classname="com.biencaps.erp.testCases.AddSelfTaskAndCheckInDayViewFunctionality" name="verifyAddTaskFromMonthViewSidebarByGivingOnlyTitleAndDate" time="5.304"/>
  <testcase classname="com.biencaps.erp.testCases.AddSelfTaskAndCheckInDayViewFunctionality" name="verifyAddedTaskFromMonthViewSidebarCheckInDayView" time="37.743"/>
  <testcase classname="com.biencaps.erp.testCases.AddSelfTaskAndCheckInDayViewFunctionality" name="verifyTotalTasksCountAndLogMessagesInDayViewAfterAddingAnotherTaskFromMonthViewSidebar" time="11.887"/>
  <testcase classname="com.biencaps.erp.testCases.AddSelfTaskAndCheckInDayViewFunctionality" name="verifyAddNewTaskFromDayView" time="4.805"/>
  <testcase classname="com.biencaps.erp.testCases.AddSelfTaskAndCheckInDayViewFunctionality" name="verifyTotalTasksCountAndLogMessagesInDayViewAfterAddingAnotherTaskFromDayView" time="10.471"/>
  <testcase classname="com.biencaps.erp.testCases.AddSelfTaskAndCheckInDayViewFunctionality" name="verifyAddTaskFromWeekViewSidebarByGivingOnlyTitleDateAndComment" time="11.076"/>
  <testcase classname="com.biencaps.erp.testCases.AddSelfTaskAndCheckInDayViewFunctionality" name="verifyNewAddedTaskFromWeekViewSidebarInWeekView" time="7.461"/>
  <testcase classname="com.biencaps.erp.testCases.AddSelfTaskAndCheckInDayViewFunctionality" name="verifyAddedTaskFromWeekViewSidebarCheckInDayView" time="58.648"/>
  <testcase classname="com.biencaps.erp.testCases.AddSelfTaskAndCheckInDayViewFunctionality" name="verifyTotalTasksCountAndLogMessagesInDayViewAfterAddingAnotherTaskFromWeekViewSidebar" time="10.691"/>
  <testcase classname="com.biencaps.erp.testCases.AddSelfTaskAndCheckInDayViewFunctionality" name="verifyAddedTaskFromWeekViewAtParticularDateCheckInDayView">
    <skipped/>
  </testcase> <!-- verifyAddedTaskFromWeekViewAtParticularDateCheckInDayView -->
  <testcase classname="com.biencaps.erp.testCases.AddSelfTaskAndCheckInDayViewFunctionality" name="verifyTotalTasksCountAndLogMessagesInDayViewAfterAddingAnotherTaskFromDayViewSidebar">
    <skipped/>
  </testcase> <!-- verifyTotalTasksCountAndLogMessagesInDayViewAfterAddingAnotherTaskFromDayViewSidebar -->
  <testcase classname="com.biencaps.erp.testCases.AddSelfTaskAndCheckInDayViewFunctionality" name="verifyAddTaskFromMonthViewByGivingOnlyTitle">
    <skipped/>
  </testcase> <!-- verifyAddTaskFromMonthViewByGivingOnlyTitle -->
  <testcase classname="com.biencaps.erp.testCases.AddSelfTaskAndCheckInDayViewFunctionality" name="verifyAddNewTaskFromDayViewSidebar">
    <skipped/>
  </testcase> <!-- verifyAddNewTaskFromDayViewSidebar -->
  <testcase classname="com.biencaps.erp.testCases.AddSelfTaskAndCheckInDayViewFunctionality" name="verifyTotalTasksCountAndLogMessagesInDayViewAfterTaskAddedFromWeekViewAtParticularDate">
    <skipped/>
  </testcase> <!-- verifyTotalTasksCountAndLogMessagesInDayViewAfterTaskAddedFromWeekViewAtParticularDate -->
  <testcase classname="com.biencaps.erp.testCases.AddSelfTaskAndCheckInDayViewFunctionality" name="verifyNewAddedTaskFromWeekViewSidebarAtParticularDateInWeekView">
    <skipped/>
  </testcase> <!-- verifyNewAddedTaskFromWeekViewSidebarAtParticularDateInWeekView -->
  <testcase classname="com.biencaps.erp.testCases.AddSelfTaskAndCheckInDayViewFunctionality" name="verifyAddTaskFromWeekViewAtParticularDate">
    <skipped/>
  </testcase> <!-- verifyAddTaskFromWeekViewAtParticularDate -->
  <testcase classname="com.biencaps.erp.testCases.AddSelfTaskAndCheckInDayViewFunctionality" name="verifyAddedTaskFromDayViewSidebarCheckInDayView">
    <skipped/>
  </testcase> <!-- verifyAddedTaskFromDayViewSidebarCheckInDayView -->
</testsuite> <!-- com.biencaps.erp.testCases.AddSelfTaskAndCheckInDayViewFunctionality -->
