<?xml version="1.0" encoding="UTF-8"?>
<!-- Generated by org.testng.reporters.JUnitReportReporter -->
<testsuite hostname="DESKTOP-BG83L86" failures="0" tests="13" name="com.biencaps.erp.testCases.SelfTaskUpdateFunctionality" time="0.002" errors="0" timestamp="2024-05-07T11:21:14 IST" skipped="13">
  <testcase classname="com.biencaps.erp.testCases.SelfTaskUpdateFunctionality" name="verifyLastTaskDetailsInDayView" time="0.000">
    <skipped/>
  </testcase> <!-- verifyLastTaskDetailsInDayView -->
  <testcase classname="com.biencaps.erp.testCases.SelfTaskUpdateFunctionality" name="verifyUpdateSelfTaskTitleFromDayViewAndCheckTaskTitleAndLogs" time="0.000">
    <skipped/>
  </testcase> <!-- verifyUpdateSelfTaskTitleFromDayViewAndCheckTaskTitleAndLogs -->
  <testcase classname="com.biencaps.erp.testCases.SelfTaskUpdateFunctionality" name="verifyUpdateSelfTaskStatusFromDayViewAndCheckTaskStatusAndLogs" time="0.000">
    <skipped/>
  </testcase> <!-- verifyUpdateSelfTaskStatusFromDayViewAndCheckTaskStatusAndLogs -->
  <testcase classname="com.biencaps.erp.testCases.SelfTaskUpdateFunctionality" name="verifyUpdateSelfTaskPriorityFromDayViewAndCheckTaskPriorityAndLogs" time="0.000">
    <skipped/>
  </testcase> <!-- verifyUpdateSelfTaskPriorityFromDayViewAndCheckTaskPriorityAndLogs -->
  <testcase classname="com.biencaps.erp.testCases.SelfTaskUpdateFunctionality" name="verifyUpdateSelfTaskDueDateFromDayViewAndCheckTaskDueDateAndLogs" time="0.001">
    <skipped/>
  </testcase> <!-- verifyUpdateSelfTaskDueDateFromDayViewAndCheckTaskDueDateAndLogs -->
  <testcase classname="com.biencaps.erp.testCases.SelfTaskUpdateFunctionality" name="verifyUpdateSelfTaskDepartmentFromDayViewAndCheckTaskDepartmentAndLogs" time="0.000">
    <skipped/>
  </testcase> <!-- verifyUpdateSelfTaskDepartmentFromDayViewAndCheckTaskDepartmentAndLogs -->
  <testcase classname="com.biencaps.erp.testCases.SelfTaskUpdateFunctionality" name="verifyUpdateSelfTaskGitlinkFromDayViewWithoutSelectingProject" time="0.000">
    <skipped/>
  </testcase> <!-- verifyUpdateSelfTaskGitlinkFromDayViewWithoutSelectingProject -->
  <testcase classname="com.biencaps.erp.testCases.SelfTaskUpdateFunctionality" name="verifyUpdateSelfTaskProjectFromDayViewAndCheckTaskProjectAndLogs" time="0.000">
    <skipped/>
  </testcase> <!-- verifyUpdateSelfTaskProjectFromDayViewAndCheckTaskProjectAndLogs -->
  <testcase classname="com.biencaps.erp.testCases.SelfTaskUpdateFunctionality" name="verifyUpdateSelfTaskGitlinkByGivingInvalidGitlinkFromDayViewAndCheckTaskGitlinkAndLogs" time="0.000">
    <skipped/>
  </testcase> <!-- verifyUpdateSelfTaskGitlinkByGivingInvalidGitlinkFromDayViewAndCheckTaskGitlinkAndLogs -->
  <testcase classname="com.biencaps.erp.testCases.SelfTaskUpdateFunctionality" name="verifyUpdateSelfTaskGitlinkByGivingValidGitlinkFromDayViewAndCheckTaskGitlinkAndLogs" time="0.000">
    <skipped/>
  </testcase> <!-- verifyUpdateSelfTaskGitlinkByGivingValidGitlinkFromDayViewAndCheckTaskGitlinkAndLogs -->
  <testcase classname="com.biencaps.erp.testCases.SelfTaskUpdateFunctionality" name="verifyUpdateSelfTaskVerifiedStatusFromDayViewAndCheckTaskVerifiedStatusAndLogs" time="0.001">
    <skipped/>
  </testcase> <!-- verifyUpdateSelfTaskVerifiedStatusFromDayViewAndCheckTaskVerifiedStatusAndLogs -->
  <testcase classname="com.biencaps.erp.testCases.SelfTaskUpdateFunctionality" name="verifyUpdateSelfTaskCommentFromDayViewAndCheckTaskCommentAndLogs" time="0.000">
    <skipped/>
  </testcase> <!-- verifyUpdateSelfTaskCommentFromDayViewAndCheckTaskCommentAndLogs -->
  <testcase classname="com.biencaps.erp.testCases.SelfTaskUpdateFunctionality" name="verifyUpdateSelfTaskTimeFromDayViewAndCheckTaskTimeAndLogs">
    <skipped/>
  </testcase> <!-- verifyUpdateSelfTaskTimeFromDayViewAndCheckTaskTimeAndLogs -->
</testsuite> <!-- com.biencaps.erp.testCases.SelfTaskUpdateFunctionality -->
