<?xml version="1.0" encoding="UTF-8"?>
<!-- Generated by org.testng.reporters.JUnitReportReporter -->
<testsuite hostname="DESKTOP-BG83L86" failures="0" tests="7" name="in.biencaps.erp.testCases.LoginAndForgotPasswordTests" time="16.828" errors="0" timestamp="2024-05-29T16:10:25 IST" skipped="1">
  <testcase classname="in.biencaps.erp.testCases.LoginAndForgotPasswordTests" name="verify_Forgot_Password_Without_Giving_UserId" time="0.811"/>
  <testcase classname="in.biencaps.erp.testCases.LoginAndForgotPasswordTests" name="verify_Login_Employee_With_Valid_And_Invalid_Credentails" time="4.351"/>
  <testcase classname="in.biencaps.erp.testCases.LoginAndForgotPasswordTests" name="verify_Login_Employee_With_Valid_And_Invalid_Credentails" time="3.456"/>
  <testcase classname="in.biencaps.erp.testCases.LoginAndForgotPasswordTests" name="verify_Login_Employee_With_Valid_And_Invalid_Credentails" time="3.467"/>
  <testcase classname="in.biencaps.erp.testCases.LoginAndForgotPasswordTests" name="verify_Login_Employee_With_Valid_And_Invalid_Credentails" time="3.459"/>
  <testcase classname="in.biencaps.erp.testCases.LoginAndForgotPasswordTests" name="verify_Employee_Name_After_Logged_In" time="1.284"/>
  <testcase classname="in.biencaps.erp.testCases.LoginAndForgotPasswordTests" name="verify_Forgot_Password_By_Giving_Valid_UserId">
    <skipped/>
  </testcase> <!-- verify_Forgot_Password_By_Giving_Valid_UserId -->
</testsuite> <!-- in.biencaps.erp.testCases.LoginAndForgotPasswordTests -->
