<?xml version="1.0" encoding="UTF-8"?>
<!-- Generated by org.testng.reporters.JUnitReportReporter -->
<testsuite hostname="DESKTOP-BG83L86" failures="0" tests="4" name="com.biencaps.erp.testCases.LoginFunctionality" time="0.000" errors="0" timestamp="2024-04-24T14:07:29 IST" skipped="4">
  <testcase classname="com.biencaps.erp.testCases.LoginFunctionality" name="verifyLoginEmployeeByGivingValidUserIdAndInvalidPassword" time="0.000">
    <skipped/>
  </testcase> <!-- verifyLoginEmployeeByGivingValidUserIdAndInvalidPassword -->
  <testcase classname="com.biencaps.erp.testCases.LoginFunctionality" name="verifyLoginEmployeeByGivingInvalidUserIdAndValidPassword" time="0.000">
    <skipped/>
  </testcase> <!-- verifyLoginEmployeeByGivingInvalidUserIdAndValidPassword -->
  <testcase classname="com.biencaps.erp.testCases.LoginFunctionality" name="verifyLoginEmployeeByGivingInvalidUserIdAndInvalidPassword" time="0.000">
    <skipped/>
  </testcase> <!-- verifyLoginEmployeeByGivingInvalidUserIdAndInvalidPassword -->
  <testcase classname="com.biencaps.erp.testCases.LoginFunctionality" name="verifyLoginEmployeeByGivingValidUserIdAndValidPassword" time="0.000">
    <skipped/>
  </testcase> <!-- verifyLoginEmployeeByGivingValidUserIdAndValidPassword -->
</testsuite> <!-- com.biencaps.erp.testCases.LoginFunctionality -->
