<?xml version="1.0" encoding="UTF-8"?>
<!-- Generated by org.testng.reporters.JUnitReportReporter -->
<testsuite hostname="DESKTOP-BG83L86" failures="0" tests="17" name="in.biencaps.erp.testCases.AddUpdateAssignTaskAndCheckAtEmployeeSideTests" time="198.774" errors="0" timestamp="2024-05-17T16:35:49 IST" skipped="0">
  <testcase classname="in.biencaps.erp.testCases.AddUpdateAssignTaskAndCheckAtEmployeeSideTests" name="acceptTaskTitleChangeRequestByHigherAuthority" time="6.433"/>
  <testcase classname="in.biencaps.erp.testCases.AddUpdateAssignTaskAndCheckAtEmployeeSideTests" name="rejectTaskTitleChangeRequestByHigherAuthority" time="8.444"/>
  <testcase classname="in.biencaps.erp.testCases.AddUpdateAssignTaskAndCheckAtEmployeeSideTests" name="verify_Assign_Task_From_Level" time="12.492"/>
  <testcase classname="in.biencaps.erp.testCases.AddUpdateAssignTaskAndCheckAtEmployeeSideTests" name="verify_Task_Added_From_Level_View_By_Higher_Authority_In_Employee_Day_View" time="9.275"/>
  <testcase classname="in.biencaps.erp.testCases.AddUpdateAssignTaskAndCheckAtEmployeeSideTests" name="verify_Notification_After_Assigned_Task_From_Higher_Authority_At_Lower_Level_Employee_Side" time="19.225"/>
  <testcase classname="in.biencaps.erp.testCases.AddUpdateAssignTaskAndCheckAtEmployeeSideTests" name="verify_Assigned_Task_Details_In_Day_View_And_Week_View_And_Log_Message" time="21.955"/>
  <testcase classname="in.biencaps.erp.testCases.AddUpdateAssignTaskAndCheckAtEmployeeSideTests" name="verify_Last_Task_Details_In_Day_View" time="5.569"/>
  <testcase classname="in.biencaps.erp.testCases.AddUpdateAssignTaskAndCheckAtEmployeeSideTests" name="verify_Assign_Task_Title_Update_And_Check_Request_In_My_Request_Card" time="11.645"/>
  <testcase classname="in.biencaps.erp.testCases.AddUpdateAssignTaskAndCheckAtEmployeeSideTests" name="verify_Notification_Message_And_Request_Of_Employee_At_All_Higher_Authority_Of_Task_Title_Change" time="16.962"/>
  <testcase classname="in.biencaps.erp.testCases.AddUpdateAssignTaskAndCheckAtEmployeeSideTests" name="verify_Notification_Message_Of_Request_Rejected_By_Higher_Authority_At_Employee_Side" time="6.105"/>
  <testcase classname="in.biencaps.erp.testCases.AddUpdateAssignTaskAndCheckAtEmployeeSideTests" name="verify_Log_Message_After_Task_Title_Change_Request_Rejected" time="11.815"/>
  <testcase classname="in.biencaps.erp.testCases.AddUpdateAssignTaskAndCheckAtEmployeeSideTests" name="verify_Task_Request_In_My_Request_Section_After_Rejected_Task_Title_Change_Request" time="9.674"/>
  <testcase classname="in.biencaps.erp.testCases.AddUpdateAssignTaskAndCheckAtEmployeeSideTests" name="verify_Assign_Task_Title_Again_Update_And_Check_Request_In_My_Request_Card" time="13.495"/>
  <testcase classname="in.biencaps.erp.testCases.AddUpdateAssignTaskAndCheckAtEmployeeSideTests" name="verify_Notification_Message_And_Request_Of_Employee_At_All_Higher_Authority_Of_Task_Title_Again_Change" time="16.859"/>
  <testcase classname="in.biencaps.erp.testCases.AddUpdateAssignTaskAndCheckAtEmployeeSideTests" name="verify_Notification_Message_Of_Request_Accepted_By_Higher_Authority_At_Employee_Side" time="5.965"/>
  <testcase classname="in.biencaps.erp.testCases.AddUpdateAssignTaskAndCheckAtEmployeeSideTests" name="verify_Log_Message_After_Task_Title_Change_Request_Accepted" time="13.216"/>
  <testcase classname="in.biencaps.erp.testCases.AddUpdateAssignTaskAndCheckAtEmployeeSideTests" name="verify_Task_Request_In_My_Request_Section_After_Accepted_Task_Title_Change_Request" time="9.645"/>
</testsuite> <!-- in.biencaps.erp.testCases.AddUpdateAssignTaskAndCheckAtEmployeeSideTests -->
