<?xml version="1.0" encoding="UTF-8"?>
<!-- Generated by org.testng.reporters.JUnitReportReporter -->
<testsuite hostname="DESKTOP-BG83L86" failures="0" tests="14" name="in.biencaps.erp.testCases.SelfTaskUpdateFunctionality" time="173.233" errors="2" timestamp="2024-05-15T17:17:58 IST" skipped="1">
  <testcase classname="in.biencaps.erp.testCases.SelfTaskUpdateFunctionality" name="verify_Higher_Authority_Viewed_Tasks" time="15.417"/>
  <testcase classname="in.biencaps.erp.testCases.SelfTaskUpdateFunctionality" name="verify_Last_Task_Details_In_Day_View" time="13.574"/>
  <testcase classname="in.biencaps.erp.testCases.SelfTaskUpdateFunctionality" name="verify_Update_Self_Task_Title_From_Day_View_And_Check_Task_Title_And_Logs" time="14.916"/>
  <testcase classname="in.biencaps.erp.testCases.SelfTaskUpdateFunctionality" name="verify_Update_Self_Task_Status_From_Day_View_And_Check_Task_Status_And_Logs" time="13.348"/>
  <testcase classname="in.biencaps.erp.testCases.SelfTaskUpdateFunctionality" name="verify_Update_Self_Task_Priority_From_Day_View_And_Check_Task_Priority_And_Logs" time="7.406">
    <error message="Expected condition failed: waiting for visibility of all elements located by By.xpath: //div[@class=&#039;listOfProrityWrapper&#039;]/div (tried for 6 second(s) with 500 milliseconds interval)
Build info: version: &#039;4.20.0&#039;, revision: &#039;866c76ca80&#039;
System info: os.name: &#039;Windows 10&#039;, os.arch: &#039;amd64&#039;, os.version: &#039;10.0&#039;, java.version: &#039;17.0.8&#039;
Driver info: org.openqa.selenium.chrome.ChromeDriver
Capabilities {acceptInsecureCerts: false, browserName: chrome, browserVersion: 124.0.6367.203, chrome: {chromedriverVersion: 124.0.6367.207 (a9001a6e39f..., userDataDir: C:\Users\Lenovo\AppData\Loc...}, fedcm:accounts: true, goog:chromeOptions: {debuggerAddress: localhost:63694}, networkConnectionEnabled: false, pageLoadStrategy: normal, platformName: windows, proxy: Proxy(), se:cdp: ws://localhost:63694/devtoo..., se:cdpVersion: 124.0.6367.203, setWindowRect: true, strictFileInteractability: false, timeouts: {implicit: 0, pageLoad: 300000, script: 30000}, unhandledPromptBehavior: dismiss and notify, webauthn:extension:credBlob: true, webauthn:extension:largeBlob: true, webauthn:extension:minPinLength: true, webauthn:extension:prf: true, webauthn:virtualAuthenticators: true}
Session ID: ec562747806b96cae1267085502cab79" type="org.openqa.selenium.TimeoutException">
      <![CDATA[org.openqa.selenium.TimeoutException: Expected condition failed: waiting for visibility of all elements located by By.xpath: //div[@class='listOfProrityWrapper']/div (tried for 6 second(s) with 500 milliseconds interval)
Build info: version: '4.20.0', revision: '866c76ca80'
System info: os.name: 'Windows 10', os.arch: 'amd64', os.version: '10.0', java.version: '17.0.8'
Driver info: org.openqa.selenium.chrome.ChromeDriver
Capabilities {acceptInsecureCerts: false, browserName: chrome, browserVersion: 124.0.6367.203, chrome: {chromedriverVersion: 124.0.6367.207 (a9001a6e39f..., userDataDir: C:\Users\Lenovo\AppData\Loc...}, fedcm:accounts: true, goog:chromeOptions: {debuggerAddress: localhost:63694}, networkConnectionEnabled: false, pageLoadStrategy: normal, platformName: windows, proxy: Proxy(), se:cdp: ws://localhost:63694/devtoo..., se:cdpVersion: 124.0.6367.203, setWindowRect: true, strictFileInteractability: false, timeouts: {implicit: 0, pageLoad: 300000, script: 30000}, unhandledPromptBehavior: dismiss and notify, webauthn:extension:credBlob: true, webauthn:extension:largeBlob: true, webauthn:extension:minPinLength: true, webauthn:extension:prf: true, webauthn:virtualAuthenticators: true}
Session ID: ec562747806b96cae1267085502cab79
at org.openqa.selenium.support.ui.WebDriverWait.timeoutException(WebDriverWait.java:84)
at org.openqa.selenium.support.ui.FluentWait.until(FluentWait.java:228)
at in.biencaps.erp.utilities.WebElementActions.sizeOfListOfWebElement(WebElementActions.java:79)
at in.biencaps.erp.pages.MyTasksPage.checkSelectedTaskPriorityValueFromDropdownInDayView(MyTasksPage.java:712)
at in.biencaps.erp.testCases.SelfTaskUpdateFunctionality.verify_Update_Self_Task_Priority_From_Day_View_And_Check_Task_Priority_And_Logs(SelfTaskUpdateFunctionality.java:266)
at java.base/jdk.internal.reflect.NativeMethodAccessorImpl.invoke0(Native Method)
at java.base/jdk.internal.reflect.NativeMethodAccessorImpl.invoke(NativeMethodAccessorImpl.java:77)
at java.base/jdk.internal.reflect.DelegatingMethodAccessorImpl.invoke(DelegatingMethodAccessorImpl.java:43)
at java.base/java.lang.reflect.Method.invoke(Method.java:568)
at org.testng.internal.invokers.MethodInvocationHelper.invokeMethod(MethodInvocationHelper.java:139)
at org.testng.internal.invokers.TestInvoker.invokeMethod(TestInvoker.java:664)
at org.testng.internal.invokers.TestInvoker.invokeTestMethod(TestInvoker.java:228)
at org.testng.internal.invokers.MethodRunner.runInSequence(MethodRunner.java:63)
at org.testng.internal.invokers.TestInvoker$MethodInvocationAgent.invoke(TestInvoker.java:961)
at org.testng.internal.invokers.TestInvoker.invokeTestMethods(TestInvoker.java:201)
at org.testng.internal.invokers.TestMethodWorker.invokeTestMethods(TestMethodWorker.java:148)
at org.testng.internal.invokers.TestMethodWorker.run(TestMethodWorker.java:128)
at java.base/java.util.ArrayList.forEach(ArrayList.java:1511)
at org.testng.TestRunner.privateRun(TestRunner.java:819)
at org.testng.TestRunner.run(TestRunner.java:619)
at org.testng.SuiteRunner.runTest(SuiteRunner.java:443)
at org.testng.SuiteRunner.runSequentially(SuiteRunner.java:437)
at org.testng.SuiteRunner.privateRun(SuiteRunner.java:397)
at org.testng.SuiteRunner.run(SuiteRunner.java:336)
at org.testng.SuiteRunnerWorker.runSuite(SuiteRunnerWorker.java:52)
at org.testng.SuiteRunnerWorker.run(SuiteRunnerWorker.java:95)
at org.testng.TestNG.runSuitesSequentially(TestNG.java:1301)
at org.testng.TestNG.runSuitesLocally(TestNG.java:1228)
at org.testng.TestNG.runSuites(TestNG.java:1134)
at org.testng.TestNG.run(TestNG.java:1101)
at org.testng.remote.AbstractRemoteTestNG.run(AbstractRemoteTestNG.java:115)
at org.testng.remote.RemoteTestNG.initAndRun(RemoteTestNG.java:251)
at org.testng.remote.RemoteTestNG.main(RemoteTestNG.java:77)
]]>
    </error>
  </testcase> <!-- verify_Update_Self_Task_Priority_From_Day_View_And_Check_Task_Priority_And_Logs -->
  <testcase classname="in.biencaps.erp.testCases.SelfTaskUpdateFunctionality" name="verify_Update_Self_Task_Time_From_Day_View_And_Check_Task_Time_And_Logs" time="26.525"/>
  <testcase classname="in.biencaps.erp.testCases.SelfTaskUpdateFunctionality" name="verify_Update_Self_Task_Due_Date_From_Day_View_And_Check_Task_Due_Date_And_Logs" time="14.166"/>
  <testcase classname="in.biencaps.erp.testCases.SelfTaskUpdateFunctionality" name="verify_Update_Self_Task_Department_From_Day_View_And_Check_Task_Department_And_Logs" time="13.267"/>
  <testcase classname="in.biencaps.erp.testCases.SelfTaskUpdateFunctionality" name="verify_Update_Self_Task_Gitlink_From_Day_View_Without_Selecting_Project" time="2.299"/>
  <testcase classname="in.biencaps.erp.testCases.SelfTaskUpdateFunctionality" name="verify_Update_Self_Task_Project_From_Day_View_And_Check_Task_Project_And_Logs" time="13.967"/>
  <testcase classname="in.biencaps.erp.testCases.SelfTaskUpdateFunctionality" name="verify_Update_Self_Task_Gitlink_By_Giving_Invalid_Gitlink_From_Day_View_And_Check_Task_Gitlink_And_Logs" time="5.765"/>
  <testcase classname="in.biencaps.erp.testCases.SelfTaskUpdateFunctionality" name="verify_Update_Self_Task_Gitlink_By_Giving_Valid_Gitlink_From_Day_View_And_Check_Task_Gitlink_And_Logs" time="9.920">
    <error message="Expected condition failed: waiting for visibility of element located by By.xpath: //div[contains(text(),&#039;task gitLink Updated successfully&#039;)] (tried for 6 second(s) with 500 milliseconds interval)
Build info: version: &#039;4.20.0&#039;, revision: &#039;866c76ca80&#039;
System info: os.name: &#039;Windows 10&#039;, os.arch: &#039;amd64&#039;, os.version: &#039;10.0&#039;, java.version: &#039;17.0.8&#039;
Driver info: org.openqa.selenium.chrome.ChromeDriver
Capabilities {acceptInsecureCerts: false, browserName: chrome, browserVersion: 124.0.6367.203, chrome: {chromedriverVersion: 124.0.6367.207 (a9001a6e39f..., userDataDir: C:\Users\Lenovo\AppData\Loc...}, fedcm:accounts: true, goog:chromeOptions: {debuggerAddress: localhost:63694}, networkConnectionEnabled: false, pageLoadStrategy: normal, platformName: windows, proxy: Proxy(), se:cdp: ws://localhost:63694/devtoo..., se:cdpVersion: 124.0.6367.203, setWindowRect: true, strictFileInteractability: false, timeouts: {implicit: 0, pageLoad: 300000, script: 30000}, unhandledPromptBehavior: dismiss and notify, webauthn:extension:credBlob: true, webauthn:extension:largeBlob: true, webauthn:extension:minPinLength: true, webauthn:extension:prf: true, webauthn:virtualAuthenticators: true}
Session ID: ec562747806b96cae1267085502cab79" type="org.openqa.selenium.TimeoutException">
      <![CDATA[org.openqa.selenium.TimeoutException: Expected condition failed: waiting for visibility of element located by By.xpath: //div[contains(text(),'task gitLink Updated successfully')] (tried for 6 second(s) with 500 milliseconds interval)
Build info: version: '4.20.0', revision: '866c76ca80'
System info: os.name: 'Windows 10', os.arch: 'amd64', os.version: '10.0', java.version: '17.0.8'
Driver info: org.openqa.selenium.chrome.ChromeDriver
Capabilities {acceptInsecureCerts: false, browserName: chrome, browserVersion: 124.0.6367.203, chrome: {chromedriverVersion: 124.0.6367.207 (a9001a6e39f..., userDataDir: C:\Users\Lenovo\AppData\Loc...}, fedcm:accounts: true, goog:chromeOptions: {debuggerAddress: localhost:63694}, networkConnectionEnabled: false, pageLoadStrategy: normal, platformName: windows, proxy: Proxy(), se:cdp: ws://localhost:63694/devtoo..., se:cdpVersion: 124.0.6367.203, setWindowRect: true, strictFileInteractability: false, timeouts: {implicit: 0, pageLoad: 300000, script: 30000}, unhandledPromptBehavior: dismiss and notify, webauthn:extension:credBlob: true, webauthn:extension:largeBlob: true, webauthn:extension:minPinLength: true, webauthn:extension:prf: true, webauthn:virtualAuthenticators: true}
Session ID: ec562747806b96cae1267085502cab79
at org.openqa.selenium.support.ui.WebDriverWait.timeoutException(WebDriverWait.java:84)
at org.openqa.selenium.support.ui.FluentWait.until(FluentWait.java:228)
at in.biencaps.erp.utilities.WebElementActions.getTextMethod(WebElementActions.java:181)
at in.biencaps.erp.pages.MyTasksPage.checkToastMessage(MyTasksPage.java:157)
at in.biencaps.erp.utilities.CommonTestMethods.verify_Toast_Message(CommonTestMethods.java:106)
at in.biencaps.erp.testCases.SelfTaskUpdateFunctionality.verify_Update_Self_Task_Gitlink_By_Giving_Valid_Gitlink_From_Day_View_And_Check_Task_Gitlink_And_Logs(SelfTaskUpdateFunctionality.java:642)
at java.base/jdk.internal.reflect.NativeMethodAccessorImpl.invoke0(Native Method)
at java.base/jdk.internal.reflect.NativeMethodAccessorImpl.invoke(NativeMethodAccessorImpl.java:77)
at java.base/jdk.internal.reflect.DelegatingMethodAccessorImpl.invoke(DelegatingMethodAccessorImpl.java:43)
at java.base/java.lang.reflect.Method.invoke(Method.java:568)
at org.testng.internal.invokers.MethodInvocationHelper.invokeMethod(MethodInvocationHelper.java:139)
at org.testng.internal.invokers.TestInvoker.invokeMethod(TestInvoker.java:664)
at org.testng.internal.invokers.TestInvoker.invokeTestMethod(TestInvoker.java:228)
at org.testng.internal.invokers.MethodRunner.runInSequence(MethodRunner.java:63)
at org.testng.internal.invokers.TestInvoker$MethodInvocationAgent.invoke(TestInvoker.java:961)
at org.testng.internal.invokers.TestInvoker.invokeTestMethods(TestInvoker.java:201)
at org.testng.internal.invokers.TestMethodWorker.invokeTestMethods(TestMethodWorker.java:148)
at org.testng.internal.invokers.TestMethodWorker.run(TestMethodWorker.java:128)
at java.base/java.util.ArrayList.forEach(ArrayList.java:1511)
at org.testng.TestRunner.privateRun(TestRunner.java:819)
at org.testng.TestRunner.run(TestRunner.java:619)
at org.testng.SuiteRunner.runTest(SuiteRunner.java:443)
at org.testng.SuiteRunner.runSequentially(SuiteRunner.java:437)
at org.testng.SuiteRunner.privateRun(SuiteRunner.java:397)
at org.testng.SuiteRunner.run(SuiteRunner.java:336)
at org.testng.SuiteRunnerWorker.runSuite(SuiteRunnerWorker.java:52)
at org.testng.SuiteRunnerWorker.run(SuiteRunnerWorker.java:95)
at org.testng.TestNG.runSuitesSequentially(TestNG.java:1301)
at org.testng.TestNG.runSuitesLocally(TestNG.java:1228)
at org.testng.TestNG.runSuites(TestNG.java:1134)
at org.testng.TestNG.run(TestNG.java:1101)
at org.testng.remote.AbstractRemoteTestNG.run(AbstractRemoteTestNG.java:115)
at org.testng.remote.RemoteTestNG.initAndRun(RemoteTestNG.java:251)
at org.testng.remote.RemoteTestNG.main(RemoteTestNG.java:77)
]]>
    </error>
  </testcase> <!-- verify_Update_Self_Task_Gitlink_By_Giving_Valid_Gitlink_From_Day_View_And_Check_Task_Gitlink_And_Logs -->
  <testcase classname="in.biencaps.erp.testCases.SelfTaskUpdateFunctionality" name="verify_Update_Self_Task_Verified_Status_From_Day_View_And_Check_Task_Verified_Status_And_Logs" time="0.002">
    <skipped/>
  </testcase> <!-- verify_Update_Self_Task_Verified_Status_From_Day_View_And_Check_Task_Verified_Status_And_Logs -->
  <testcase classname="in.biencaps.erp.testCases.SelfTaskUpdateFunctionality" name="verify_Update_Self_Task_Comment_From_Day_View_And_Check_Task_Comment_And_Logs" time="22.661"/>
</testsuite> <!-- in.biencaps.erp.testCases.SelfTaskUpdateFunctionality -->
