<?xml version="1.0" encoding="UTF-8"?>
<!-- Generated by org.testng.reporters.JUnitReportReporter -->
<testsuite hostname="DESKTOP-BG83L86" failures="0" tests="8" name="com.biencaps.erp.testCases.ProfilePageUpdateFunctionality" time="50.339" errors="0" timestamp="2024-05-08T20:40:38 IST" skipped="0">
  <testcase classname="com.biencaps.erp.testCases.ProfilePageUpdateFunctionality" name="verifyGmailKeySubmitAtEmployeeSideWithoutEnteringGmailKey" time="9.364"/>
  <testcase classname="com.biencaps.erp.testCases.ProfilePageUpdateFunctionality" name="verifyGmailKeySubmitAtEmployeeSideWithoutEnteringPassword" time="3.466"/>
  <testcase classname="com.biencaps.erp.testCases.ProfilePageUpdateFunctionality" name="verifyGmailKeySubmitAtEmployeeSide" time="4.222"/>
  <testcase classname="com.biencaps.erp.testCases.ProfilePageUpdateFunctionality" name="verifyGmailKeySubmitAtEmployeeSide" time="4.250"/>
  <testcase classname="com.biencaps.erp.testCases.ProfilePageUpdateFunctionality" name="verifyGmailKeySubmitAtEmployeeSide" time="4.271"/>
  <testcase classname="com.biencaps.erp.testCases.ProfilePageUpdateFunctionality" name="verifyGmailKeySubmitAtEmployeeSide" time="10.345"/>
  <testcase classname="com.biencaps.erp.testCases.ProfilePageUpdateFunctionality" name="verifyGmailKeySubmitAtEmployeeSide" time="10.203"/>
  <testcase classname="com.biencaps.erp.testCases.ProfilePageUpdateFunctionality" name="verifyGmailKeySubmitAtEmployeeSide" time="4.218"/>
</testsuite> <!-- com.biencaps.erp.testCases.ProfilePageUpdateFunctionality -->
