<?xml version="1.0" encoding="UTF-8"?>
<!-- Generated by org.testng.reporters.JUnitReportReporter -->
<testsuite hostname="DESKTOP-BG83L86" failures="0" tests="8" name="in.biencaps.erp.testCases.LoginAndForgotPasswordFunctionality" time="25.320" errors="0" timestamp="2024-05-15T17:43:19 IST" skipped="1">
  <testcase classname="in.biencaps.erp.testCases.LoginAndForgotPasswordFunctionality" name="get_All_Employee_Details" time="14.172"/>
  <testcase classname="in.biencaps.erp.testCases.LoginAndForgotPasswordFunctionality" name="verify_Forgot_Password_Without_Giving_UserId" time="0.720"/>
  <testcase classname="in.biencaps.erp.testCases.LoginAndForgotPasswordFunctionality" name="verify_Login_Employee_With_Valid_And_Invalid_Credentails" time="3.300"/>
  <testcase classname="in.biencaps.erp.testCases.LoginAndForgotPasswordFunctionality" name="verify_Login_Employee_With_Valid_And_Invalid_Credentails" time="1.841"/>
  <testcase classname="in.biencaps.erp.testCases.LoginAndForgotPasswordFunctionality" name="verify_Login_Employee_With_Valid_And_Invalid_Credentails" time="1.796"/>
  <testcase classname="in.biencaps.erp.testCases.LoginAndForgotPasswordFunctionality" name="verify_Login_Employee_With_Valid_And_Invalid_Credentails" time="2.854"/>
  <testcase classname="in.biencaps.erp.testCases.LoginAndForgotPasswordFunctionality" name="check_Employee_Name_After_Logged_In" time="0.637"/>
  <testcase classname="in.biencaps.erp.testCases.LoginAndForgotPasswordFunctionality" name="verify_Forgot_Password_By_Giving_Valid_UserId">
    <skipped/>
  </testcase> <!-- verify_Forgot_Password_By_Giving_Valid_UserId -->
</testsuite> <!-- in.biencaps.erp.testCases.LoginAndForgotPasswordFunctionality -->
