<?xml version="1.0" encoding="UTF-8"?>
<!-- Generated by org.testng.reporters.JUnitReportReporter -->
<testsuite hostname="DESKTOP-BG83L86" failures="0" tests="9" name="com.biencaps.erp.testCases.LoginAndForgotPasswordFunctionality" time="18.064" errors="0" timestamp="2024-05-06T17:38:26 IST" skipped="2">
  <testcase classname="com.biencaps.erp.testCases.LoginAndForgotPasswordFunctionality" name="verifyLoginEmployeeByGivingValidUserIdAndInvalidPassword" time="3.230"/>
  <testcase classname="com.biencaps.erp.testCases.LoginAndForgotPasswordFunctionality" name="verifyLoginEmployeeByGivingInvalidUserIdAndValidPassword" time="2.538"/>
  <testcase classname="com.biencaps.erp.testCases.LoginAndForgotPasswordFunctionality" name="verifyLoginEmployeeByGivingInvalidUserIdAndInvalidPassword" time="2.364"/>
  <testcase classname="com.biencaps.erp.testCases.LoginAndForgotPasswordFunctionality" name="verifyForgotPasswordWithoutGivingUserId" time="1.334"/>
  <testcase classname="com.biencaps.erp.testCases.LoginAndForgotPasswordFunctionality" name="verifyForgotPasswordByGivingUserId" time="5.207"/>
  <testcase classname="com.biencaps.erp.testCases.LoginAndForgotPasswordFunctionality" name="verifyLoginEmployeeByGivingValidUserIdAndValidPassword" time="3.350"/>
  <testcase classname="com.biencaps.erp.testCases.LoginAndForgotPasswordFunctionality" name="checkEmployeeNameAfterLoggedIn" time="0.041"/>
  <testcase classname="com.biencaps.erp.testCases.LoginAndForgotPasswordFunctionality" name="getAllEmployeeDetails">
    <skipped/>
  </testcase> <!-- getAllEmployeeDetails -->
  <testcase classname="com.biencaps.erp.testCases.LoginAndForgotPasswordFunctionality" name="goToLoginPage">
    <skipped/>
  </testcase> <!-- goToLoginPage -->
</testsuite> <!-- com.biencaps.erp.testCases.LoginAndForgotPasswordFunctionality -->
