<?xml version="1.0" encoding="UTF-8"?>
<!-- Generated by org.testng.reporters.JUnitReportReporter -->
<testsuite hostname="DESKTOP-BG83L86" failures="0" tests="14" name="in.biencaps.erp.testCases.ProfilePageUpdateFunctionality" time="47.281" errors="0" timestamp="2024-05-14T15:23:38 IST" skipped="0">
  <testcase classname="in.biencaps.erp.testCases.ProfilePageUpdateFunctionality" name="verifyGmailKeySubmitAtEmployeeSideWithoutEnteringGmailKey" time="2.906"/>
  <testcase classname="in.biencaps.erp.testCases.ProfilePageUpdateFunctionality" name="verifyGmailKeySubmitAtEmployeeSideWithoutEnteringPassword" time="3.026"/>
  <testcase classname="in.biencaps.erp.testCases.ProfilePageUpdateFunctionality" name="verifyGmailKeySubmitAtEmployeeSide" time="3.723"/>
  <testcase classname="in.biencaps.erp.testCases.ProfilePageUpdateFunctionality" name="verifyGmailKeySubmitAtEmployeeSide" time="3.763"/>
  <testcase classname="in.biencaps.erp.testCases.ProfilePageUpdateFunctionality" name="verifyGmailKeySubmitAtEmployeeSide" time="3.810"/>
  <testcase classname="in.biencaps.erp.testCases.ProfilePageUpdateFunctionality" name="verifyGmailKeySubmitAtEmployeeSide" time="3.872"/>
  <testcase classname="in.biencaps.erp.testCases.ProfilePageUpdateFunctionality" name="verifyGmailKeySubmitAtEmployeeSide" time="3.803"/>
  <testcase classname="in.biencaps.erp.testCases.ProfilePageUpdateFunctionality" name="verifyGmailKeySubmitAtEmployeeSide" time="3.917"/>
  <testcase classname="in.biencaps.erp.testCases.ProfilePageUpdateFunctionality" name="verifyPrimaryMobileNumberTextfieldByLeavingFieldEmpty" time="1.409"/>
  <testcase classname="in.biencaps.erp.testCases.ProfilePageUpdateFunctionality" name="verifyProfileUpdateFromEmployeeSide" time="2.538"/>
  <testcase classname="in.biencaps.erp.testCases.ProfilePageUpdateFunctionality" name="verifyProfileUpdateFromEmployeeSide" time="1.989"/>
  <testcase classname="in.biencaps.erp.testCases.ProfilePageUpdateFunctionality" name="verifyProfileUpdateFromEmployeeSide" time="1.954"/>
  <testcase classname="in.biencaps.erp.testCases.ProfilePageUpdateFunctionality" name="verifyProfileUpdateFromEmployeeSide" time="1.978"/>
  <testcase classname="in.biencaps.erp.testCases.ProfilePageUpdateFunctionality" name="verifyProfileUpdateByEnteringOptionalFields" time="8.593"/>
</testsuite> <!-- in.biencaps.erp.testCases.ProfilePageUpdateFunctionality -->
