<?xml version="1.0" encoding="UTF-8"?>
<!-- Generated by org.testng.reporters.JUnitReportReporter -->
<testsuite hostname="DESKTOP-BG83L86" failures="0" tests="9" name="com.biencaps.erp.testCases.LoginAndForgotPasswordFunctionality" time="19.868" errors="0" timestamp="2024-05-07T17:25:15 IST" skipped="2">
  <testcase classname="com.biencaps.erp.testCases.LoginAndForgotPasswordFunctionality" name="verifyLoginEmployeeByGivingValidUserIdAndInvalidPassword" time="3.704"/>
  <testcase classname="com.biencaps.erp.testCases.LoginAndForgotPasswordFunctionality" name="verifyLoginEmployeeByGivingInvalidUserIdAndValidPassword" time="2.716"/>
  <testcase classname="com.biencaps.erp.testCases.LoginAndForgotPasswordFunctionality" name="verifyLoginEmployeeByGivingInvalidUserIdAndInvalidPassword" time="2.445"/>
  <testcase classname="com.biencaps.erp.testCases.LoginAndForgotPasswordFunctionality" name="verifyForgotPasswordWithoutGivingUserId" time="1.342"/>
  <testcase classname="com.biencaps.erp.testCases.LoginAndForgotPasswordFunctionality" name="verifyForgotPasswordByGivingUserId" time="5.772"/>
  <testcase classname="com.biencaps.erp.testCases.LoginAndForgotPasswordFunctionality" name="verifyLoginEmployeeByGivingValidUserIdAndValidPassword" time="3.829"/>
  <testcase classname="com.biencaps.erp.testCases.LoginAndForgotPasswordFunctionality" name="checkEmployeeNameAfterLoggedIn" time="0.060"/>
  <testcase classname="com.biencaps.erp.testCases.LoginAndForgotPasswordFunctionality" name="getAllEmployeeDetails">
    <skipped/>
  </testcase> <!-- getAllEmployeeDetails -->
  <testcase classname="com.biencaps.erp.testCases.LoginAndForgotPasswordFunctionality" name="goToLoginPage">
    <skipped/>
  </testcase> <!-- goToLoginPage -->
</testsuite> <!-- com.biencaps.erp.testCases.LoginAndForgotPasswordFunctionality -->
