<?xml version="1.0" encoding="UTF-8"?>
<!-- Generated by org.testng.reporters.JUnitReportReporter -->
<testsuite hostname="DESKTOP-BG83L86" failures="0" tests="22" name="com.biencaps.erp.testCases.AddSelfTaskAndCheckInDayViewFunctionality" time="43.908" errors="1" timestamp="2024-05-11T11:44:25 IST" skipped="21">
  <testcase classname="com.biencaps.erp.testCases.AddSelfTaskAndCheckInDayViewFunctionality" name="verifyAddedTaskFromMonthViewSidebarCheckInDayView" time="0.000">
    <skipped/>
  </testcase> <!-- verifyAddedTaskFromMonthViewSidebarCheckInDayView -->
  <testcase classname="com.biencaps.erp.testCases.AddSelfTaskAndCheckInDayViewFunctionality" name="verifyNewAddedTaskFromWeekViewSidebarAtParticularDateInWeekView" time="0.000">
    <skipped/>
  </testcase> <!-- verifyNewAddedTaskFromWeekViewSidebarAtParticularDateInWeekView -->
  <testcase classname="com.biencaps.erp.testCases.AddSelfTaskAndCheckInDayViewFunctionality" name="verifyTotalTasksCountAndLogMessagesInDayViewAfterAddingAnotherTaskFromWeekViewSidebar" time="0.000">
    <skipped/>
  </testcase> <!-- verifyTotalTasksCountAndLogMessagesInDayViewAfterAddingAnotherTaskFromWeekViewSidebar -->
  <testcase classname="com.biencaps.erp.testCases.AddSelfTaskAndCheckInDayViewFunctionality" name="verifyAddedTaskFromDayViewSidebarCheckInDayView" time="0.000">
    <skipped/>
  </testcase> <!-- verifyAddedTaskFromDayViewSidebarCheckInDayView -->
  <testcase classname="com.biencaps.erp.testCases.AddSelfTaskAndCheckInDayViewFunctionality" name="verifyTotalTasksCountAndLogMessagesInDayViewAfterNewTaskAddFromMonthViewAtParticularDate" time="0.000">
    <skipped/>
  </testcase> <!-- verifyTotalTasksCountAndLogMessagesInDayViewAfterNewTaskAddFromMonthViewAtParticularDate -->
  <testcase classname="com.biencaps.erp.testCases.AddSelfTaskAndCheckInDayViewFunctionality" name="verifyAddedTaskFromWeekViewSidebarCheckInDayView" time="0.000">
    <skipped/>
  </testcase> <!-- verifyAddedTaskFromWeekViewSidebarCheckInDayView -->
  <testcase classname="com.biencaps.erp.testCases.AddSelfTaskAndCheckInDayViewFunctionality" name="launchTheWebsite" time="43.907">
    <error message="unknown error: net::ERR_CONNECTION_TIMED_OUT
  (Session info: chrome=124.0.6367.158)
Build info: version: &#039;4.20.0&#039;, revision: &#039;866c76ca80&#039;
System info: os.name: &#039;Windows 10&#039;, os.arch: &#039;amd64&#039;, os.version: &#039;10.0&#039;, java.version: &#039;17.0.8&#039;
Driver info: org.openqa.selenium.chrome.ChromeDriver
Command: [6bfc414ac432c8ecfe5104eacbc68c45, get {url=http://192.168.0.133:3001/login}]
Capabilities {acceptInsecureCerts: false, browserName: chrome, browserVersion: 124.0.6367.158, chrome: {chromedriverVersion: 124.0.6367.201 (46cf136d27d..., userDataDir: C:\Users\Lenovo\AppData\Loc...}, fedcm:accounts: true, goog:chromeOptions: {debuggerAddress: localhost:58356}, networkConnectionEnabled: false, pageLoadStrategy: normal, platformName: windows, proxy: Proxy(), se:cdp: ws://localhost:58356/devtoo..., se:cdpVersion: 124.0.6367.158, setWindowRect: true, strictFileInteractability: false, timeouts: {implicit: 0, pageLoad: 300000, script: 30000}, unhandledPromptBehavior: dismiss and notify, webauthn:extension:credBlob: true, webauthn:extension:largeBlob: true, webauthn:extension:minPinLength: true, webauthn:extension:prf: true, webauthn:virtualAuthenticators: true}
Session ID: 6bfc414ac432c8ecfe5104eacbc68c45" type="org.openqa.selenium.WebDriverException">
      <![CDATA[org.openqa.selenium.WebDriverException: unknown error: net::ERR_CONNECTION_TIMED_OUT
  (Session info: chrome=124.0.6367.158)
Build info: version: '4.20.0', revision: '866c76ca80'
System info: os.name: 'Windows 10', os.arch: 'amd64', os.version: '10.0', java.version: '17.0.8'
Driver info: org.openqa.selenium.chrome.ChromeDriver
Command: [6bfc414ac432c8ecfe5104eacbc68c45, get {url=http://192.168.0.133:3001/login}]
Capabilities {acceptInsecureCerts: false, browserName: chrome, browserVersion: 124.0.6367.158, chrome: {chromedriverVersion: 124.0.6367.201 (46cf136d27d..., userDataDir: C:\Users\Lenovo\AppData\Loc...}, fedcm:accounts: true, goog:chromeOptions: {debuggerAddress: localhost:58356}, networkConnectionEnabled: false, pageLoadStrategy: normal, platformName: windows, proxy: Proxy(), se:cdp: ws://localhost:58356/devtoo..., se:cdpVersion: 124.0.6367.158, setWindowRect: true, strictFileInteractability: false, timeouts: {implicit: 0, pageLoad: 300000, script: 30000}, unhandledPromptBehavior: dismiss and notify, webauthn:extension:credBlob: true, webauthn:extension:largeBlob: true, webauthn:extension:minPinLength: true, webauthn:extension:prf: true, webauthn:virtualAuthenticators: true}
Session ID: 6bfc414ac432c8ecfe5104eacbc68c45
at java.base/jdk.internal.reflect.NativeConstructorAccessorImpl.newInstance0(Native Method)
at java.base/jdk.internal.reflect.NativeConstructorAccessorImpl.newInstance(NativeConstructorAccessorImpl.java:77)
at java.base/jdk.internal.reflect.DelegatingConstructorAccessorImpl.newInstance(DelegatingConstructorAccessorImpl.java:45)
at java.base/java.lang.reflect.Constructor.newInstanceWithCaller(Constructor.java:499)
at java.base/java.lang.reflect.Constructor.newInstance(Constructor.java:480)
at org.openqa.selenium.remote.ErrorCodec.decode(ErrorCodec.java:167)
at org.openqa.selenium.remote.codec.w3c.W3CHttpResponseCodec.decode(W3CHttpResponseCodec.java:138)
at org.openqa.selenium.remote.codec.w3c.W3CHttpResponseCodec.decode(W3CHttpResponseCodec.java:50)
at org.openqa.selenium.remote.HttpCommandExecutor.execute(HttpCommandExecutor.java:190)
at org.openqa.selenium.remote.service.DriverCommandExecutor.invokeExecute(DriverCommandExecutor.java:216)
at org.openqa.selenium.remote.service.DriverCommandExecutor.execute(DriverCommandExecutor.java:174)
at org.openqa.selenium.remote.RemoteWebDriver.execute(RemoteWebDriver.java:518)
at org.openqa.selenium.remote.RemoteWebDriver.get(RemoteWebDriver.java:300)
at com.biencaps.erp.testCases.BaseTest.driverSetUp(BaseTest.java:66)
at com.biencaps.erp.testCases.BaseTest.launchTheWebsite(BaseTest.java:39)
at java.base/jdk.internal.reflect.NativeMethodAccessorImpl.invoke0(Native Method)
at java.base/jdk.internal.reflect.NativeMethodAccessorImpl.invoke(NativeMethodAccessorImpl.java:77)
at java.base/jdk.internal.reflect.DelegatingMethodAccessorImpl.invoke(DelegatingMethodAccessorImpl.java:43)
at java.base/java.lang.reflect.Method.invoke(Method.java:568)
at org.testng.internal.invokers.MethodInvocationHelper.invokeMethod(MethodInvocationHelper.java:139)
at org.testng.internal.invokers.MethodInvocationHelper.invokeMethodConsideringTimeout(MethodInvocationHelper.java:69)
at org.testng.internal.invokers.ConfigInvoker.invokeConfigurationMethod(ConfigInvoker.java:393)
at org.testng.internal.invokers.ConfigInvoker.invokeConfigurations(ConfigInvoker.java:326)
at org.testng.SuiteRunner.privateRun(SuiteRunner.java:382)
at org.testng.SuiteRunner.run(SuiteRunner.java:336)
at org.testng.SuiteRunnerWorker.runSuite(SuiteRunnerWorker.java:52)
at org.testng.SuiteRunnerWorker.run(SuiteRunnerWorker.java:95)
at org.testng.TestNG.runSuitesSequentially(TestNG.java:1301)
at org.testng.TestNG.runSuitesLocally(TestNG.java:1228)
at org.testng.TestNG.runSuites(TestNG.java:1134)
at org.testng.TestNG.run(TestNG.java:1101)
at org.testng.remote.AbstractRemoteTestNG.run(AbstractRemoteTestNG.java:115)
at org.testng.remote.RemoteTestNG.initAndRun(RemoteTestNG.java:251)
at org.testng.remote.RemoteTestNG.main(RemoteTestNG.java:77)
]]>
    </error>
  </testcase> <!-- launchTheWebsite -->
  <testcase classname="com.biencaps.erp.testCases.AddSelfTaskAndCheckInDayViewFunctionality" name="verifyTotalTasksCountAndLogMessagesInDayViewAfterAddingAnotherTaskFromDayView" time="0.000">
    <skipped/>
  </testcase> <!-- verifyTotalTasksCountAndLogMessagesInDayViewAfterAddingAnotherTaskFromDayView -->
  <testcase classname="com.biencaps.erp.testCases.AddSelfTaskAndCheckInDayViewFunctionality" name="verifyTotalTasksCountAndLogMessagesInDayViewAfterAddingAnotherTaskFromMonthViewSidebar" time="0.000">
    <skipped/>
  </testcase> <!-- verifyTotalTasksCountAndLogMessagesInDayViewAfterAddingAnotherTaskFromMonthViewSidebar -->
  <testcase classname="com.biencaps.erp.testCases.AddSelfTaskAndCheckInDayViewFunctionality" name="verifyAddedTaskFromWeekViewAtParticularDateCheckInDayView" time="0.000">
    <skipped/>
  </testcase> <!-- verifyAddedTaskFromWeekViewAtParticularDateCheckInDayView -->
  <testcase classname="com.biencaps.erp.testCases.AddSelfTaskAndCheckInDayViewFunctionality" name="verifyTotalTasksCountAndLogMessagesInDayViewAfterTaskAddedFromWeekViewAtParticularDate" time="0.000">
    <skipped/>
  </testcase> <!-- verifyTotalTasksCountAndLogMessagesInDayViewAfterTaskAddedFromWeekViewAtParticularDate -->
  <testcase classname="com.biencaps.erp.testCases.AddSelfTaskAndCheckInDayViewFunctionality" name="verifyAddedTaskFromMonthViewAtParticularDateCheckInDayView" time="0.001">
    <skipped/>
  </testcase> <!-- verifyAddedTaskFromMonthViewAtParticularDateCheckInDayView -->
  <testcase classname="com.biencaps.erp.testCases.AddSelfTaskAndCheckInDayViewFunctionality" name="verifyTotalTasksCountAndLogMessagesInDayViewAfterAddingAnotherTaskFromDayViewSidebar" time="0.000">
    <skipped/>
  </testcase> <!-- verifyTotalTasksCountAndLogMessagesInDayViewAfterAddingAnotherTaskFromDayViewSidebar -->
  <testcase classname="com.biencaps.erp.testCases.AddSelfTaskAndCheckInDayViewFunctionality" name="verifyNewAddedTaskFromWeekViewSidebarInWeekView" time="0.000">
    <skipped/>
  </testcase> <!-- verifyNewAddedTaskFromWeekViewSidebarInWeekView -->
  <testcase classname="com.biencaps.erp.testCases.AddSelfTaskAndCheckInDayViewFunctionality" name="verifyAddTaskFromSidebarWithoutEnteringTaskTitle" time="0.000">
    <skipped/>
  </testcase> <!-- verifyAddTaskFromSidebarWithoutEnteringTaskTitle -->
  <testcase classname="com.biencaps.erp.testCases.AddSelfTaskAndCheckInDayViewFunctionality" name="verifyTotalTasksCountBeforeAddNewTask" time="0.000">
    <skipped/>
  </testcase> <!-- verifyTotalTasksCountBeforeAddNewTask -->
  <testcase classname="com.biencaps.erp.testCases.AddSelfTaskAndCheckInDayViewFunctionality" name="verifyAddTaskFromMonthViewAtParticularDate" time="0.000">
    <skipped/>
  </testcase> <!-- verifyAddTaskFromMonthViewAtParticularDate -->
  <testcase classname="com.biencaps.erp.testCases.AddSelfTaskAndCheckInDayViewFunctionality" name="verifyAddTaskFromMonthViewSidebarByGivingOnlyTitleAndDate" time="0.000">
    <skipped/>
  </testcase> <!-- verifyAddTaskFromMonthViewSidebarByGivingOnlyTitleAndDate -->
  <testcase classname="com.biencaps.erp.testCases.AddSelfTaskAndCheckInDayViewFunctionality" name="verifyAddNewTaskFromDayView" time="0.000">
    <skipped/>
  </testcase> <!-- verifyAddNewTaskFromDayView -->
  <testcase classname="com.biencaps.erp.testCases.AddSelfTaskAndCheckInDayViewFunctionality" name="verifyAddNewTaskFromDayViewSidebar" time="0.000">
    <skipped/>
  </testcase> <!-- verifyAddNewTaskFromDayViewSidebar -->
  <testcase classname="com.biencaps.erp.testCases.AddSelfTaskAndCheckInDayViewFunctionality" name="verifyAddTaskFromWeekViewAtParticularDate" time="0.000">
    <skipped/>
  </testcase> <!-- verifyAddTaskFromWeekViewAtParticularDate -->
  <testcase classname="com.biencaps.erp.testCases.AddSelfTaskAndCheckInDayViewFunctionality" name="verifyAddTaskFromWeekViewSidebarByGivingOnlyTitleDateAndComment" time="0.000">
    <skipped/>
  </testcase> <!-- verifyAddTaskFromWeekViewSidebarByGivingOnlyTitleDateAndComment -->
</testsuite> <!-- com.biencaps.erp.testCases.AddSelfTaskAndCheckInDayViewFunctionality -->
