<?xml version="1.0" encoding="UTF-8"?>
<!-- Generated by org.testng.reporters.JUnitReportReporter -->
<testsuite hostname="DESKTOP-BG83L86" failures="1" tests="22" name="com.biencaps.erp.testCases.AddSelfTaskAndCheckInDayViewFunctionality" time="180.800" errors="0" timestamp="2024-05-04T14:15:58 IST" skipped="2">
  <testcase classname="com.biencaps.erp.testCases.AddSelfTaskAndCheckInDayViewFunctionality" name="verifyAddTaskFromSidebarWithoutEnteringTaskTitle" time="3.775"/>
  <testcase classname="com.biencaps.erp.testCases.AddSelfTaskAndCheckInDayViewFunctionality" name="verifyTotalTasksCountBeforeAddNewTask" time="2.189"/>
  <testcase classname="com.biencaps.erp.testCases.AddSelfTaskAndCheckInDayViewFunctionality" name="verifyAddTaskFromMonthViewAtParticularDate" time="9.122"/>
  <testcase classname="com.biencaps.erp.testCases.AddSelfTaskAndCheckInDayViewFunctionality" name="verifyAddedTaskFromMonthViewAtParticularDateCheckInDayView" time="4.136"/>
  <testcase classname="com.biencaps.erp.testCases.AddSelfTaskAndCheckInDayViewFunctionality" name="verifyTotalTasksCountAndLogMessagesInDayViewAfterNewTaskAddFromMonthViewAtParticularDate" time="9.178"/>
  <testcase classname="com.biencaps.erp.testCases.AddSelfTaskAndCheckInDayViewFunctionality" name="verifyAddTaskFromMonthViewSidebarByGivingOnlyTitleAndDate" time="13.008"/>
  <testcase classname="com.biencaps.erp.testCases.AddSelfTaskAndCheckInDayViewFunctionality" name="verifyAddedTaskFromMonthViewSidebarCheckInDayView" time="30.345"/>
  <testcase classname="com.biencaps.erp.testCases.AddSelfTaskAndCheckInDayViewFunctionality" name="verifyTotalTasksCountAndLogMessagesInDayViewAfterAddingAnotherTaskFromMonthViewSidebar" time="9.341"/>
  <testcase classname="com.biencaps.erp.testCases.AddSelfTaskAndCheckInDayViewFunctionality" name="verifyAddNewTaskFromDayView" time="5.989"/>
  <testcase classname="com.biencaps.erp.testCases.AddSelfTaskAndCheckInDayViewFunctionality" name="verifyTotalTasksCountAndLogMessagesInDayViewAfterAddingAnotherTaskFromDayView" time="9.249"/>
  <testcase classname="com.biencaps.erp.testCases.AddSelfTaskAndCheckInDayViewFunctionality" name="verifyAddNewTaskFromDayViewSidebar" time="9.333"/>
  <testcase classname="com.biencaps.erp.testCases.AddSelfTaskAndCheckInDayViewFunctionality" name="verifyAddedTaskFromDayViewSidebarCheckInDayView" time="2.399">
    <failure message="expected [2024-05-04] but found [2024-05-07]" type="java.lang.AssertionError">
      <![CDATA[java.lang.AssertionError: expected [2024-05-04] but found [2024-05-07]
at org.testng.Assert.fail(Assert.java:111)
at org.testng.Assert.failNotEquals(Assert.java:1578)
at org.testng.Assert.assertEqualsImpl(Assert.java:150)
at org.testng.Assert.assertEquals(Assert.java:132)
at org.testng.Assert.assertEquals(Assert.java:656)
at org.testng.Assert.assertEquals(Assert.java:666)
at com.biencaps.erp.testCases.AddSelfTaskAndCheckInDayViewFunctionality.verifyAddedTaskCheckInDayView(AddSelfTaskAndCheckInDayViewFunctionality.java:1157)
at com.biencaps.erp.testCases.AddSelfTaskAndCheckInDayViewFunctionality.verifyAddedTaskFromDayViewSidebarCheckInDayView(AddSelfTaskAndCheckInDayViewFunctionality.java:716)
at java.base/jdk.internal.reflect.NativeMethodAccessorImpl.invoke0(Native Method)
at java.base/jdk.internal.reflect.NativeMethodAccessorImpl.invoke(NativeMethodAccessorImpl.java:77)
at java.base/jdk.internal.reflect.DelegatingMethodAccessorImpl.invoke(DelegatingMethodAccessorImpl.java:43)
at java.base/java.lang.reflect.Method.invoke(Method.java:568)
at org.testng.internal.invokers.MethodInvocationHelper.invokeMethod(MethodInvocationHelper.java:139)
at org.testng.internal.invokers.TestInvoker.invokeMethod(TestInvoker.java:664)
at org.testng.internal.invokers.TestInvoker.invokeTestMethod(TestInvoker.java:228)
at org.testng.internal.invokers.MethodRunner.runInSequence(MethodRunner.java:63)
at org.testng.internal.invokers.TestInvoker$MethodInvocationAgent.invoke(TestInvoker.java:961)
at org.testng.internal.invokers.TestInvoker.invokeTestMethods(TestInvoker.java:201)
at org.testng.internal.invokers.TestMethodWorker.invokeTestMethods(TestMethodWorker.java:148)
at org.testng.internal.invokers.TestMethodWorker.run(TestMethodWorker.java:128)
at java.base/java.util.ArrayList.forEach(ArrayList.java:1511)
at org.testng.TestRunner.privateRun(TestRunner.java:819)
at org.testng.TestRunner.run(TestRunner.java:619)
at org.testng.SuiteRunner.runTest(SuiteRunner.java:443)
at org.testng.SuiteRunner.runSequentially(SuiteRunner.java:437)
at org.testng.SuiteRunner.privateRun(SuiteRunner.java:397)
at org.testng.SuiteRunner.run(SuiteRunner.java:336)
at org.testng.SuiteRunnerWorker.runSuite(SuiteRunnerWorker.java:52)
at org.testng.SuiteRunnerWorker.run(SuiteRunnerWorker.java:95)
at org.testng.TestNG.runSuitesSequentially(TestNG.java:1301)
at org.testng.TestNG.runSuitesLocally(TestNG.java:1228)
at org.testng.TestNG.runSuites(TestNG.java:1134)
at org.testng.TestNG.run(TestNG.java:1101)
at org.testng.remote.AbstractRemoteTestNG.run(AbstractRemoteTestNG.java:115)
at org.testng.remote.RemoteTestNG.initAndRun(RemoteTestNG.java:251)
at org.testng.remote.RemoteTestNG.main(RemoteTestNG.java:77)
]]>
    </failure>
  </testcase> <!-- verifyAddedTaskFromDayViewSidebarCheckInDayView -->
  <testcase classname="com.biencaps.erp.testCases.AddSelfTaskAndCheckInDayViewFunctionality" name="verifyTotalTasksCountAndLogMessagesInDayViewAfterAddingAnotherTaskFromDayViewSidebar" time="0.000">
    <skipped/>
  </testcase> <!-- verifyTotalTasksCountAndLogMessagesInDayViewAfterAddingAnotherTaskFromDayViewSidebar -->
  <testcase classname="com.biencaps.erp.testCases.AddSelfTaskAndCheckInDayViewFunctionality" name="verifyAddTaskFromWeekViewAtParticularDate" time="11.540"/>
  <testcase classname="com.biencaps.erp.testCases.AddSelfTaskAndCheckInDayViewFunctionality" name="verifyNewAddedTaskFromWeekViewSidebarAtParticularDateInWeekView" time="2.789"/>
  <testcase classname="com.biencaps.erp.testCases.AddSelfTaskAndCheckInDayViewFunctionality" name="verifyAddedTaskFromWeekViewAtParticularDateCheckInDayView" time="14.067"/>
  <testcase classname="com.biencaps.erp.testCases.AddSelfTaskAndCheckInDayViewFunctionality" name="verifyTotalTasksCountAndLogMessagesInDayViewAfterTaskAddedFromWeekViewAtParticularDate" time="9.315"/>
  <testcase classname="com.biencaps.erp.testCases.AddSelfTaskAndCheckInDayViewFunctionality" name="verifyAddTaskFromWeekViewSidebarByGivingOnlyTitleDateAndComment" time="12.455"/>
  <testcase classname="com.biencaps.erp.testCases.AddSelfTaskAndCheckInDayViewFunctionality" name="verifyNewAddedTaskFromWeekViewSidebarInWeekView" time="2.249"/>
  <testcase classname="com.biencaps.erp.testCases.AddSelfTaskAndCheckInDayViewFunctionality" name="verifyAddedTaskFromWeekViewSidebarCheckInDayView" time="11.163"/>
  <testcase classname="com.biencaps.erp.testCases.AddSelfTaskAndCheckInDayViewFunctionality" name="verifyTotalTasksCountAndLogMessagesInDayViewAfterAddingAnotherTaskFromWeekViewSidebar" time="9.158"/>
  <testcase classname="com.biencaps.erp.testCases.AddSelfTaskAndCheckInDayViewFunctionality" name="verifyAddTaskFromMonthViewByGivingOnlyTitle">
    <skipped/>
  </testcase> <!-- verifyAddTaskFromMonthViewByGivingOnlyTitle -->
</testsuite> <!-- com.biencaps.erp.testCases.AddSelfTaskAndCheckInDayViewFunctionality -->
