<?xml version="1.0" encoding="UTF-8"?>
<!-- Generated by org.testng.reporters.JUnitReportReporter -->
<testsuite hostname="DESKTOP-BG83L86" failures="0" tests="8" name="in.biencaps.erp.testCases.LoginAndForgotPasswordFunctionality" time="35.936" errors="0" timestamp="2024-05-14T17:53:30 IST" skipped="1">
  <testcase classname="in.biencaps.erp.testCases.LoginAndForgotPasswordFunctionality" name="getAllEmployeeDetails" time="19.624"/>
  <testcase classname="in.biencaps.erp.testCases.LoginAndForgotPasswordFunctionality" name="verifyForgotPasswordWithoutGivingUserId" time="0.844"/>
  <testcase classname="in.biencaps.erp.testCases.LoginAndForgotPasswordFunctionality" name="verifyLoginEmployee" time="3.897"/>
  <testcase classname="in.biencaps.erp.testCases.LoginAndForgotPasswordFunctionality" name="verifyLoginEmployee" time="2.251"/>
  <testcase classname="in.biencaps.erp.testCases.LoginAndForgotPasswordFunctionality" name="verifyLoginEmployee" time="2.383"/>
  <testcase classname="in.biencaps.erp.testCases.LoginAndForgotPasswordFunctionality" name="verifyLoginEmployee" time="5.145"/>
  <testcase classname="in.biencaps.erp.testCases.LoginAndForgotPasswordFunctionality" name="checkEmployeeNameAfterLoggedIn" time="1.792"/>
  <testcase classname="in.biencaps.erp.testCases.LoginAndForgotPasswordFunctionality" name="verifyForgotPasswordByGivingValidUserId">
    <skipped/>
  </testcase> <!-- verifyForgotPasswordByGivingValidUserId -->
</testsuite> <!-- in.biencaps.erp.testCases.LoginAndForgotPasswordFunctionality -->
