<?xml version="1.0" encoding="UTF-8"?>
<!-- Generated by org.testng.reporters.JUnitReportReporter -->
<testsuite hostname="DESKTOP-BG83L86" failures="1" tests="7" name="in.biencaps.erp.testCases.AddUpdateAssignTaskAndCheckAtEmployeeSideTests" time="94.514" errors="0" timestamp="2024-05-16T17:49:58 IST" skipped="0">
  <testcase classname="in.biencaps.erp.testCases.AddUpdateAssignTaskAndCheckAtEmployeeSideTests" name="verify_Assign_Task_From_Level" time="15.515"/>
  <testcase classname="in.biencaps.erp.testCases.AddUpdateAssignTaskAndCheckAtEmployeeSideTests" name="verify_Task_Added_From_Level_View_By_Higher_Authority_In_Employee_Day_View" time="10.190"/>
  <testcase classname="in.biencaps.erp.testCases.AddUpdateAssignTaskAndCheckAtEmployeeSideTests" name="verify_Notification_After_Assigned_Task_From_Higher_Authority_At_Lower_Level_Employee_Side" time="16.900"/>
  <testcase classname="in.biencaps.erp.testCases.AddUpdateAssignTaskAndCheckAtEmployeeSideTests" name="verify_Assigned_Task_Details_In_Day_View_And_Week_View_And_Log_Message" time="21.870"/>
  <testcase classname="in.biencaps.erp.testCases.AddUpdateAssignTaskAndCheckAtEmployeeSideTests" name="verify_Last_Task_Details_In_Day_View" time="6.023"/>
  <testcase classname="in.biencaps.erp.testCases.AddUpdateAssignTaskAndCheckAtEmployeeSideTests" name="verifyAssignTaskTitleUpdateAndCheckRequestInMyRequestCard" time="13.139"/>
  <testcase classname="in.biencaps.erp.testCases.AddUpdateAssignTaskAndCheckAtEmployeeSideTests" name="verify_Notification_Message_And_Request_Of_Employee_At_All_Higher_Authority" time="10.877">
    <failure message="expected [true] but found [false]" type="java.lang.AssertionError">
      <![CDATA[java.lang.AssertionError: expected [true] but found [false]
at org.testng.Assert.fail(Assert.java:111)
at org.testng.Assert.failNotEquals(Assert.java:1578)
at org.testng.Assert.assertTrue(Assert.java:57)
at org.testng.Assert.assertTrue(Assert.java:67)
at in.biencaps.erp.testCases.RequestTests.verify_Request_In_Received_Request_Card(RequestTests.java:56)
at in.biencaps.erp.utilities.CommonTestMethods.verify_logged_In_Employee_Name_Notification_Message_And_Request_For_All_Higher_Authority(CommonTestMethods.java:388)
at in.biencaps.erp.testCases.AddUpdateAssignTaskAndCheckAtEmployeeSideTests.verify_Notification_Message_And_Request_Of_Employee_At_All_Higher_Authority(AddUpdateAssignTaskAndCheckAtEmployeeSideTests.java:415)
at java.base/jdk.internal.reflect.NativeMethodAccessorImpl.invoke0(Native Method)
at java.base/jdk.internal.reflect.NativeMethodAccessorImpl.invoke(NativeMethodAccessorImpl.java:77)
at java.base/jdk.internal.reflect.DelegatingMethodAccessorImpl.invoke(DelegatingMethodAccessorImpl.java:43)
at java.base/java.lang.reflect.Method.invoke(Method.java:568)
at org.testng.internal.invokers.MethodInvocationHelper.invokeMethod(MethodInvocationHelper.java:139)
at org.testng.internal.invokers.TestInvoker.invokeMethod(TestInvoker.java:664)
at org.testng.internal.invokers.TestInvoker.invokeTestMethod(TestInvoker.java:228)
at org.testng.internal.invokers.MethodRunner.runInSequence(MethodRunner.java:63)
at org.testng.internal.invokers.TestInvoker$MethodInvocationAgent.invoke(TestInvoker.java:961)
at org.testng.internal.invokers.TestInvoker.invokeTestMethods(TestInvoker.java:201)
at org.testng.internal.invokers.TestMethodWorker.invokeTestMethods(TestMethodWorker.java:148)
at org.testng.internal.invokers.TestMethodWorker.run(TestMethodWorker.java:128)
at java.base/java.util.ArrayList.forEach(ArrayList.java:1511)
at org.testng.TestRunner.privateRun(TestRunner.java:819)
at org.testng.TestRunner.run(TestRunner.java:619)
at org.testng.SuiteRunner.runTest(SuiteRunner.java:443)
at org.testng.SuiteRunner.runSequentially(SuiteRunner.java:437)
at org.testng.SuiteRunner.privateRun(SuiteRunner.java:397)
at org.testng.SuiteRunner.run(SuiteRunner.java:336)
at org.testng.SuiteRunnerWorker.runSuite(SuiteRunnerWorker.java:52)
at org.testng.SuiteRunnerWorker.run(SuiteRunnerWorker.java:95)
at org.testng.TestNG.runSuitesSequentially(TestNG.java:1301)
at org.testng.TestNG.runSuitesLocally(TestNG.java:1228)
at org.testng.TestNG.runSuites(TestNG.java:1134)
at org.testng.TestNG.run(TestNG.java:1101)
at org.testng.remote.AbstractRemoteTestNG.run(AbstractRemoteTestNG.java:115)
at org.testng.remote.RemoteTestNG.initAndRun(RemoteTestNG.java:251)
at org.testng.remote.RemoteTestNG.main(RemoteTestNG.java:77)
]]>
    </failure>
  </testcase> <!-- verify_Notification_Message_And_Request_Of_Employee_At_All_Higher_Authority -->
</testsuite> <!-- in.biencaps.erp.testCases.AddUpdateAssignTaskAndCheckAtEmployeeSideTests -->
