<?xml version="1.0" encoding="UTF-8"?>
<!-- Generated by org.testng.reporters.JUnitReportReporter -->
<testsuite hostname="DESKTOP-BG83L86" failures="0" tests="4" name="in.biencaps.erp.testCases.PasswordChangeTests" time="26.983" errors="0" timestamp="2024-05-16T15:37:42 IST" skipped="0">
  <testcase classname="in.biencaps.erp.testCases.PasswordChangeTests" name="verify_Change_Login_Password_With_Valid_And_Invalid_Password" time="6.730"/>
  <testcase classname="in.biencaps.erp.testCases.PasswordChangeTests" name="verify_Change_Login_Password_With_Valid_And_Invalid_Password" time="6.810"/>
  <testcase classname="in.biencaps.erp.testCases.PasswordChangeTests" name="verify_Change_Login_Password_With_Valid_And_Invalid_Password" time="5.633"/>
  <testcase classname="in.biencaps.erp.testCases.PasswordChangeTests" name="verify_Change_Login_Password_With_Valid_And_Invalid_Password" time="7.810"/>
</testsuite> <!-- in.biencaps.erp.testCases.PasswordChangeTests -->
