<?xml version="1.0" encoding="UTF-8"?>
<!-- Generated by org.testng.reporters.JUnitReportReporter -->
<testsuite hostname="DESKTOP-BG83L86" failures="0" tests="23" name="com.biencaps.erp.testCases.SelfTaskSubmittedFunctionality" time="246.013" errors="0" timestamp="2024-05-04T14:15:58 IST" skipped="5">
  <testcase classname="com.biencaps.erp.testCases.SelfTaskSubmittedFunctionality" name="verifySelfTaskSubmittedInDayView" time="16.301"/>
  <testcase classname="com.biencaps.erp.testCases.SelfTaskSubmittedFunctionality" name="verifyTaskSubmittedRequestInMyRequestSection" time="13.725"/>
  <testcase classname="com.biencaps.erp.testCases.SelfTaskSubmittedFunctionality" name="verifyLogoutAsEmployeeLoginAsLeadLevelEmployeeAndCheckLeadLevelEmployeeName" time="11.048"/>
  <testcase classname="com.biencaps.erp.testCases.SelfTaskSubmittedFunctionality" name="verifyRequestForTaskSubmitOfEmployeeByLeadLevelEmployee" time="4.895"/>
  <testcase classname="com.biencaps.erp.testCases.SelfTaskSubmittedFunctionality" name="verifyLogoutAsEmployeeLoginAsTeamLeadLevelEmployeeAndCheckTeamLeadLevelEmployeeName" time="11.414"/>
  <testcase classname="com.biencaps.erp.testCases.SelfTaskSubmittedFunctionality" name="verifyRequestForTaskSubmitOfEmployeeByTeamLeadLevelEmployee" time="9.382"/>
  <testcase classname="com.biencaps.erp.testCases.SelfTaskSubmittedFunctionality" name="verifyIsRequestActionAndTaskTitlePresentInRequestCardList" time="3.049"/>
  <testcase classname="com.biencaps.erp.testCases.SelfTaskSubmittedFunctionality" name="verifyLogoutAsHigherAuthorityLoginAsEmployeeAndCheckEmployeeName" time="9.702"/>
  <testcase classname="com.biencaps.erp.testCases.SelfTaskSubmittedFunctionality" name="verifyNotificationMessageOfTaskSubmitRequestRejectedByHigherAuthority" time="6.108"/>
  <testcase classname="com.biencaps.erp.testCases.SelfTaskSubmittedFunctionality" name="verifyTaskStatusInDayViewAfterTaskSubmittedRequestRejectedByHigherAuthority" time="8.102"/>
  <testcase classname="com.biencaps.erp.testCases.SelfTaskSubmittedFunctionality" name="verifyLogMessageAfterSubmitTaskRequestRejected" time="9.197"/>
  <testcase classname="com.biencaps.erp.testCases.SelfTaskSubmittedFunctionality" name="verifyTaskRequestInMyRequestSectionAfterRejectedSubmitTaskRequest" time="17.166"/>
  <testcase classname="com.biencaps.erp.testCases.SelfTaskSubmittedFunctionality" name="verifyApprovedRequestForTaskSubmitOfEmployeeFromHigherAuthoritySide" time="81.799"/>
  <testcase classname="com.biencaps.erp.testCases.SelfTaskSubmittedFunctionality" name="verifyNotificationMessageOfTaskSubmitRequestApprovedByHigherAuthority" time="6.627"/>
  <testcase classname="com.biencaps.erp.testCases.SelfTaskSubmittedFunctionality" name="verifyTaskStatusInDayViewAfterTaskSubmittedRequestApprovedByHigherAuthority" time="7.696"/>
  <testcase classname="com.biencaps.erp.testCases.SelfTaskSubmittedFunctionality" name="verifyCompletedTasksCountAndPercentageAfterTaskCompletedInDayView" time="2.401"/>
  <testcase classname="com.biencaps.erp.testCases.SelfTaskSubmittedFunctionality" name="verifyLogMessageAfterSubmitTaskRequestApproved" time="10.198"/>
  <testcase classname="com.biencaps.erp.testCases.SelfTaskSubmittedFunctionality" name="verifyTaskRequestInMyRequestSectionAfterApprovedSubmitTaskRequest" time="17.203"/>
  <testcase classname="com.biencaps.erp.testCases.SelfTaskSubmittedFunctionality" name="verifyLogoutAsEmployeeLoginAsAdminAndCheckAdminName">
    <skipped/>
  </testcase> <!-- verifyLogoutAsEmployeeLoginAsAdminAndCheckAdminName -->
  <testcase classname="com.biencaps.erp.testCases.SelfTaskSubmittedFunctionality" name="verifyNotificationMessageAtAdminLevelEmployeeSideOfTaskSubmitOfEmployee">
    <skipped/>
  </testcase> <!-- verifyNotificationMessageAtAdminLevelEmployeeSideOfTaskSubmitOfEmployee -->
  <testcase classname="com.biencaps.erp.testCases.SelfTaskSubmittedFunctionality" name="verifyRejectedRequestForTaskSubmitOfEmployeeFromAdminSide">
    <skipped/>
  </testcase> <!-- verifyRejectedRequestForTaskSubmitOfEmployeeFromAdminSide -->
  <testcase classname="com.biencaps.erp.testCases.SelfTaskSubmittedFunctionality" name="verifyNotificationMessageAtTeamLeadLevelEmployeeSideOfTaskSubmitOfEmployee">
    <skipped/>
  </testcase> <!-- verifyNotificationMessageAtTeamLeadLevelEmployeeSideOfTaskSubmitOfEmployee -->
  <testcase classname="com.biencaps.erp.testCases.SelfTaskSubmittedFunctionality" name="verifyNotificationMessageAtLeadLevelEmployeeSideOfTaskSubmitOfEmployee">
    <skipped/>
  </testcase> <!-- verifyNotificationMessageAtLeadLevelEmployeeSideOfTaskSubmitOfEmployee -->
</testsuite> <!-- com.biencaps.erp.testCases.SelfTaskSubmittedFunctionality -->
