<?xml version="1.0" encoding="UTF-8"?>
<!-- Generated by org.testng.reporters.JUnitReportReporter -->
<testsuite hostname="DESKTOP-BG83L86" failures="0" tests="6" name="com.biencaps.erp.testCases.SelfTaskDeleteFunctionality" time="0.002" errors="1" timestamp="2024-04-15T13:01:24 IST" skipped="5">
  <testcase classname="com.biencaps.erp.testCases.SelfTaskDeleteFunctionality" name="verifyLastTaskDetailsInDayView" time="0.002">
    <error message="Cannot invoke &quot;org.openqa.selenium.WebDriver.findElement(org.openqa.selenium.By)&quot; because &quot;this.driver&quot; is null" type="java.lang.NullPointerException">
      <![CDATA[java.lang.NullPointerException: Cannot invoke "org.openqa.selenium.WebDriver.findElement(org.openqa.selenium.By)" because "this.driver" is null
at com.biencaps.erp.utilities.SeleniumMethods.clickOnMethod(SeleniumMethods.java:54)
at com.biencaps.erp.pageObjectModels.MyTasksPage.clickOnDayButton(MyTasksPage.java:413)
at com.biencaps.erp.testCases.SelfTaskDeleteFunctionality.verifyLastTaskDetailsInDayView(SelfTaskDeleteFunctionality.java:36)
at java.base/jdk.internal.reflect.NativeMethodAccessorImpl.invoke0(Native Method)
at java.base/jdk.internal.reflect.NativeMethodAccessorImpl.invoke(NativeMethodAccessorImpl.java:77)
at java.base/jdk.internal.reflect.DelegatingMethodAccessorImpl.invoke(DelegatingMethodAccessorImpl.java:43)
at java.base/java.lang.reflect.Method.invoke(Method.java:568)
at org.testng.internal.invokers.MethodInvocationHelper.invokeMethod(MethodInvocationHelper.java:139)
at org.testng.internal.invokers.MethodInvocationHelper.invokeMethodConsideringTimeout(MethodInvocationHelper.java:69)
at org.testng.internal.invokers.ConfigInvoker.invokeConfigurationMethod(ConfigInvoker.java:393)
at org.testng.internal.invokers.ConfigInvoker.invokeConfigurations(ConfigInvoker.java:326)
at org.testng.internal.invokers.TestMethodWorker.invokeBeforeClassMethods(TestMethodWorker.java:180)
at org.testng.internal.invokers.TestMethodWorker.run(TestMethodWorker.java:122)
at java.base/java.util.ArrayList.forEach(ArrayList.java:1511)
at org.testng.TestRunner.privateRun(TestRunner.java:819)
at org.testng.TestRunner.run(TestRunner.java:619)
at org.testng.SuiteRunner.runTest(SuiteRunner.java:443)
at org.testng.SuiteRunner.runSequentially(SuiteRunner.java:437)
at org.testng.SuiteRunner.privateRun(SuiteRunner.java:397)
at org.testng.SuiteRunner.run(SuiteRunner.java:336)
at org.testng.SuiteRunnerWorker.runSuite(SuiteRunnerWorker.java:52)
at org.testng.SuiteRunnerWorker.run(SuiteRunnerWorker.java:95)
at org.testng.TestNG.runSuitesSequentially(TestNG.java:1301)
at org.testng.TestNG.runSuitesLocally(TestNG.java:1228)
at org.testng.TestNG.runSuites(TestNG.java:1134)
at org.testng.TestNG.run(TestNG.java:1101)
at org.apache.maven.surefire.testng.TestNGExecutor.run(TestNGExecutor.java:308)
at org.apache.maven.surefire.testng.TestNGXmlTestSuite.execute(TestNGXmlTestSuite.java:71)
at org.apache.maven.surefire.testng.TestNGProvider.invoke(TestNGProvider.java:113)
at org.apache.maven.surefire.booter.ForkedBooter.runSuitesInProcess(ForkedBooter.java:385)
at org.apache.maven.surefire.booter.ForkedBooter.execute(ForkedBooter.java:162)
at org.apache.maven.surefire.booter.ForkedBooter.run(ForkedBooter.java:507)
at org.apache.maven.surefire.booter.ForkedBooter.main(ForkedBooter.java:495)
]]>
    </error>
  </testcase> <!-- verifyLastTaskDetailsInDayView -->
  <testcase classname="com.biencaps.erp.testCases.SelfTaskDeleteFunctionality" name="verifyDeleteLastTaskFromDayView" time="0.000">
    <skipped/>
  </testcase> <!-- verifyDeleteLastTaskFromDayView -->
  <testcase classname="com.biencaps.erp.testCases.SelfTaskDeleteFunctionality" name="verifyLogMessageAfterNewTaskDeleteFromDayView" time="0.000">
    <skipped/>
  </testcase> <!-- verifyLogMessageAfterNewTaskDeleteFromDayView -->
  <testcase classname="com.biencaps.erp.testCases.SelfTaskDeleteFunctionality" name="verifyTotalTasksCountInDayViewAfterDeletingSingleTask" time="0.000">
    <skipped/>
  </testcase> <!-- verifyTotalTasksCountInDayViewAfterDeletingSingleTask -->
  <testcase classname="com.biencaps.erp.testCases.SelfTaskDeleteFunctionality" name="verifyMultipleTasksDeleteInDayView">
    <skipped/>
  </testcase> <!-- verifyMultipleTasksDeleteInDayView -->
  <testcase classname="com.biencaps.erp.testCases.SelfTaskDeleteFunctionality" name="verifyTotalTasksCountInDayViewAfterDeletingAllTasks">
    <skipped/>
  </testcase> <!-- verifyTotalTasksCountInDayViewAfterDeletingAllTasks -->
</testsuite> <!-- com.biencaps.erp.testCases.SelfTaskDeleteFunctionality -->
